2022-11-29 18:12:13,886 380  [main] INFO  com.tyss.flipkart.android.baseutil.BaseTest - Starting the Appium Server
2022-11-29 18:12:16,974 3468 [main] INFO  com.tyss.flipkart.android.baseutil.BaseTest - Appium Server started
2022-11-29 18:12:16,975 3469 [main] INFO  com.tyss.flipkart.android.baseutil.BaseTest - Appium Server URL: http://127.0.0.1:4723/wd/hub
2022-11-29 18:12:16,979 3473 [main] INFO  com.tyss.flipkart.android.baseutil.BaseTest - Folder creation for Extent
2022-11-29 18:12:16,985 3479 [main] INFO  com.tyss.flipkart.android.baseutil.BaseTest - ExtentDir:-C:\Users\Abhishek\Abhishek_Workspace\Flipkart_Mobile_Framework/reports/Automation Report- 11_29_2022_18_12_16
2022-11-29 18:12:17,187 3681 [main] INFO  com.tyss.flipkart.android.baseutil.BaseTest - Report Initiated
2022-11-29 18:12:17,187 3681 [main] INFO  com.tyss.flipkart.android.baseutil.BaseTest - Screenshot folder created
2022-11-29 18:13:34,484 80978 [main] INFO  com.tyss.flipkart.android.baseutil.BaseTest - Choose language Page is Displayed
2022-11-29 18:13:44,818 91312 [main] INFO  com.tyss.flipkart.android.baseutil.BaseTest - Validate English language text is clickable
2022-11-29 18:14:37,505 143999 [main] INFO  com.tyss.flipkart.android.baseutil.BaseTest - Validate English language text is displayed
2022-11-29 18:14:37,564 144058 [main] INFO  com.tyss.flipkart.android.baseutil.BaseTest - English language text is displayed
2022-11-29 18:14:37,683 144177 [main] INFO  com.tyss.flipkart.android.baseutil.BaseTest - Clicked on English language text
2022-11-29 18:14:37,684 144178 [main] INFO  com.tyss.flipkart.android.baseutil.BaseTest - Validate Continue Button is clickable
2022-11-29 18:14:38,051 144545 [main] INFO  com.tyss.flipkart.android.baseutil.BaseTest - Validate Continue Button is displayed
2022-11-29 18:14:38,335 144829 [main] INFO  com.tyss.flipkart.android.baseutil.BaseTest - Continue Button is displayed
2022-11-29 18:14:38,532 145026 [main] INFO  com.tyss.flipkart.android.baseutil.BaseTest - Clicked on Continue Button
2022-11-29 18:14:38,534 145028 [main] INFO  com.tyss.flipkart.android.baseutil.BaseTest - Validate None of the above Button is clickable
2022-11-29 18:16:10,861 237355 [main] INFO  com.tyss.flipkart.android.baseutil.BaseTest - Validate None of the above Button is displayed
2022-11-29 18:17:11,541 298035 [main] INFO  com.tyss.flipkart.android.baseutil.BaseTest - None of the above Button is displayed
2022-11-29 18:17:52,012 338506 [main] INFO  com.tyss.flipkart.android.baseutil.BaseTest - Clicked on None of the above Button
2022-11-29 18:18:52,700 399194 [main] INFO  com.tyss.flipkart.android.baseutil.BaseTest - Login Page is Displayed
2022-11-29 18:18:52,701 399195 [main] INFO  com.tyss.flipkart.android.baseutil.BaseTest - Validate Crossmark Button is clickable
2022-11-29 18:20:23,741 490235 [main] INFO  com.tyss.flipkart.android.baseutil.BaseTest - Validate Crossmark Button is displayed
2022-11-29 18:21:24,456 550950 [main] INFO  com.tyss.flipkart.android.baseutil.BaseTest - Crossmark Button is displayed
2022-11-29 18:22:04,965 591459 [main] INFO  com.tyss.flipkart.android.baseutil.BaseTest - Clicked on Crossmark Button
2022-11-29 18:23:06,290 652784 [main] INFO  com.tyss.flipkart.android.baseutil.BaseTest - Home Page is Displayed
2022-11-29 18:23:06,291 652785 [main] INFO  com.tyss.flipkart.android.baseutil.BaseTest - Validate Search for products text field is clickable
2022-11-29 18:24:37,731 744225 [main] INFO  com.tyss.flipkart.android.baseutil.BaseTest - Validate Search for products text field is displayed
2022-11-29 18:25:38,699 805193 [main] INFO  com.tyss.flipkart.android.baseutil.BaseTest - Search for products text field is displayed
2022-11-29 18:26:19,423 845917 [main] INFO  com.tyss.flipkart.android.baseutil.BaseTest - Clicked on Search for products text field
2022-11-29 18:29:33,125 1039619 [main] INFO  com.tyss.flipkart.android.baseutil.BaseTest - roadster sweatshirt is entered into Search for products text field
2022-11-29 18:29:43,422 1049916 [main] INFO  com.tyss.flipkart.android.baseutil.BaseTest - Validate Sweater name text is clickable
2022-11-29 18:30:43,755 1110249 [main] INFO  com.tyss.flipkart.android.baseutil.BaseTest - Validate Sweater name text is displayed
2022-11-29 18:31:24,022 1150516 [main] INFO  com.tyss.flipkart.android.baseutil.BaseTest - Sweater name text is displayed
2022-11-29 18:31:54,344 1180838 [main] INFO  com.tyss.flipkart.android.baseutil.BaseTest - Clicked on Sweater name text
2022-11-29 18:32:55,049 1241543 [main] INFO  com.tyss.flipkart.android.baseutil.BaseTest - Sweater Page is Displayed
2022-11-29 18:33:05,418 1251912 [main] INFO  com.tyss.flipkart.android.baseutil.BaseTest - Validate First product is clickable
2022-11-29 18:34:05,818 1312312 [main] INFO  com.tyss.flipkart.android.baseutil.BaseTest - Validate First product is displayed
2022-11-29 18:34:46,003 1352497 [main] INFO  com.tyss.flipkart.android.baseutil.BaseTest - First product is displayed
2022-11-29 18:35:16,256 1382750 [main] INFO  com.tyss.flipkart.android.baseutil.BaseTest - Clicked on First product
2022-11-29 18:35:16,257 1382751 [main] INFO  com.tyss.flipkart.android.baseutil.BaseTest - Wait for visibility of  Sweater name text
2022-11-29 18:36:47,499 1473993 [main] INFO  com.tyss.flipkart.android.baseutil.BaseTest - Checking for the visibility of element  Sweater name text
2022-11-29 18:38:49,363 1595857 [main] INFO  com.tyss.flipkart.android.baseutil.BaseTest - Checking for the visibility of element  Sweater price text
2022-11-29 18:41:01,257 1727751 [main] ERROR com.tyss.flipkart.android.baseutil.BaseTest - An element could not be located on the page using the given search parameters.
For documentation on this error, please visit: https://www.seleniumhq.org/exceptions/no_such_element.html
Build info: version: '3.141.59', revision: 'e82be7d358', time: '2018-11-14T08:17:03'
System info: host: 'TYSS-ABHISHEK', ip: '192.168.1.101', os.name: 'Windows 10', os.arch: 'amd64', os.version: '10.0', java.version: '1.8.0_201'
Driver info: io.appium.java_client.android.AndroidDriver
Capabilities {appActivity: com.flipkart.android.activi..., appPackage: com.flipkart.android, autoGrantPermissions: true, automationName: UiAutomator2, databaseEnabled: false, desired: {appActivity: com.flipkart.android.activi..., appPackage: com.flipkart.android, autoGrantPermissions: true, automationName: UiAutomator2, deviceName: Redmi Note 7 Pro, fullReset: false, newCommandTimeout: 10000, platformName: android}, deviceApiLevel: 29, deviceManufacturer: Xiaomi, deviceModel: Redmi Note 7 Pro, deviceName: 6c9f6803, deviceScreenDensity: 440, deviceScreenSize: 1080x2340, deviceUDID: 6c9f6803, fullReset: false, javascriptEnabled: true, locationContextEnabled: false, networkConnectionEnabled: true, newCommandTimeout: 10000, pixelRatio: 2.75, platform: LINUX, platformName: Android, platformVersion: 10, statBarHeight: 80, takesScreenshot: true, viewportRect: {height: 2051, left: 0, top: 80, width: 1080}, warnings: {}, webStorageEnabled: false}
Session ID: 2e931240-bc66-4836-af01-7290a2c07f04
*** Element info: {Using=xpath, value=//android.widget.TextView[@text='S']}
2022-11-29 18:41:04,201 1730695 [main] INFO  com.tyss.flipkart.android.baseutil.BaseTest - Appium server stopped
