2022-11-28 19:59:41,869 519  [main] INFO  com.tyss.flipkart.android.baseutil.BaseTest - Starting the Appium Server
2022-11-28 19:59:42,104 754  [main] INFO  com.tyss.flipkart.android.baseutil.BaseTest - Appium Server started
2022-11-28 19:59:42,105 755  [main] INFO  com.tyss.flipkart.android.baseutil.BaseTest - Appium Server URL: http://127.0.0.1:4723/wd/hub
2022-11-28 19:59:42,125 775  [main] INFO  com.tyss.flipkart.android.baseutil.BaseTest - Folder creation for Extent
2022-11-28 19:59:42,138 788  [main] INFO  com.tyss.flipkart.android.baseutil.BaseTest - ExtentDir:-C:\Users\Abhishek\Abhishek_Workspace\Flipkart_Mobile_Framework/reports/Automation Report- 11_28_2022_19_59_42
2022-11-28 19:59:42,403 1053 [main] INFO  com.tyss.flipkart.android.baseutil.BaseTest - Report Initiated
2022-11-28 19:59:42,406 1056 [main] INFO  com.tyss.flipkart.android.baseutil.BaseTest - Screenshot folder created
2022-11-28 20:01:03,970 82620 [main] INFO  com.tyss.flipkart.android.baseutil.BaseTest - Choose language Page is Displayed
2022-11-28 20:01:14,360 93010 [main] INFO  com.tyss.flipkart.android.baseutil.BaseTest - Validate English language text is clickable
2022-11-28 20:02:14,744 153394 [main] INFO  com.tyss.flipkart.android.baseutil.BaseTest - Validate English language text is displayed
2022-11-28 20:02:55,266 193916 [main] INFO  com.tyss.flipkart.android.baseutil.BaseTest - English language text is displayed
2022-11-28 20:03:25,576 224226 [main] INFO  com.tyss.flipkart.android.baseutil.BaseTest - Clicked on English language text
2022-11-28 20:03:25,577 224227 [main] INFO  com.tyss.flipkart.android.baseutil.BaseTest - Validate Continue Button is clickable
2022-11-28 20:04:56,673 315323 [main] INFO  com.tyss.flipkart.android.baseutil.BaseTest - Validate Continue Button is displayed
2022-11-28 20:05:29,161 347811 [main] ERROR com.tyss.flipkart.android.baseutil.BaseTest - Continue Button is not displayed
2022-11-28 20:05:29,162 347812 [main] ERROR com.tyss.flipkart.android.baseutil.BaseTest - Unable to click on Continue Button
2022-11-28 20:05:29,199 347849 [main] ERROR com.tyss.flipkart.android.baseutil.BaseTest - org.openqa.selenium.WebDriverException: An unknown server-side error occurred while processing the command. Original error: 'POST /element' cannot be proxied to UiAutomator2 server because the instrumentation process is not running (probably crashed). Check the server log and/or the logcat output for more details
Build info: version: '3.141.59', revision: 'e82be7d358', time: '2018-11-14T08:17:03'
System info: host: 'TYSS-ABHISHEK', ip: '192.168.43.178', os.name: 'Windows 10', os.arch: 'amd64', os.version: '10.0', java.version: '1.8.0_201'
Driver info: io.appium.java_client.android.AndroidDriver
Capabilities {appActivity: com.flipkart.android.activi..., appPackage: com.flipkart.android, autoGrantPermissions: true, automationName: Appium, databaseEnabled: false, desired: {appActivity: com.flipkart.android.activi..., appPackage: com.flipkart.android, autoGrantPermissions: true, automationName: Appium, deviceName: Redmi Note 7 Pro, fullReset: false, newCommandTimeout: 10000, platformName: android}, deviceApiLevel: 29, deviceManufacturer: Xiaomi, deviceModel: Redmi Note 7 Pro, deviceName: 6c9f6803, deviceScreenDensity: 440, deviceScreenSize: 1080x2340, deviceUDID: 6c9f6803, fullReset: false, javascriptEnabled: true, locationContextEnabled: false, networkConnectionEnabled: true, newCommandTimeout: 10000, pixelRatio: 2.75, platform: LINUX, platformName: Android, platformVersion: 10, statBarHeight: 80, takesScreenshot: true, viewportRect: {height: 2051, left: 0, top: 80, width: 1080}, warnings: {}, webStorageEnabled: false}
Session ID: 83b386e0-4a6d-4381-9429-5de3afd592f3
*** Element info: {Using=id, value=com.flipkart.android:id/select_btn}
2022-11-28 20:05:50,852 369502 [main] ERROR com.tyss.flipkart.android.baseutil.BaseTest - Unable to close the driver
