2022-12-29 16:12:20,492 571  [main] INFO  com.trello.baseutil.BaseTest - Folder creation for Extent
2022-12-29 16:12:20,507 586  [main] INFO  com.trello.baseutil.BaseTest - ExtentDir:-C:\Users\Abhishek\Abhishek_Workspace\Trello_Api_Framework\Trello_Api_Framework/reports/Automation Report- 12_29_2022_16_12_20
2022-12-29 16:12:20,658 737  [main] INFO  com.trello.baseutil.BaseTest - Report Initiated
2022-12-29 16:12:20,659 738  [main] INFO  com.trello.baseutil.BaseTest - Screenshot folder created
2022-12-29 16:12:20,664 743  [main] INFO  com.trello.baseutil.BaseTest - Folder creation for Extent
2022-12-29 16:12:20,672 751  [main] INFO  com.trello.baseutil.BaseTest - ExtentDir:-C:\Users\Abhishek\Abhishek_Workspace\Trello_Api_Framework\Trello_Api_Framework/reports/Automation Report- 12_29_2022_16_12_20
2022-12-29 16:12:20,682 761  [main] INFO  com.trello.baseutil.BaseTest - Report Initiated
2022-12-29 16:12:20,683 762  [main] INFO  com.trello.baseutil.BaseTest - Screenshot folder created
2022-12-29 16:12:25,557 5636 [main] DEBUG i.r.i.RequestSpecificationImpl$RestAssuredHttpBuilder - Parsing response as: application/json; charset=utf-8
2022-12-29 16:12:25,558 5637 [main] DEBUG i.r.i.RequestSpecificationImpl$RestAssuredHttpBuilder - Parsed data to instance of: class org.apache.http.conn.EofSensorInputStream
2022-12-29 16:12:25,922 6001 [main] INFO  com.trello.baseutil.BaseTest - Status code is: 200
2022-12-29 16:12:25,984 6063 [main] INFO  com.trello.baseutil.BaseTest - Response time is less than 2000
2022-12-29 16:12:28,358 8437 [main] DEBUG i.r.i.RequestSpecificationImpl$RestAssuredHttpBuilder - Parsing response as: application/json; charset=utf-8
2022-12-29 16:12:28,359 8438 [main] DEBUG i.r.i.RequestSpecificationImpl$RestAssuredHttpBuilder - Parsed data to instance of: class org.apache.http.conn.EofSensorInputStream
2022-12-29 16:12:28,397 8476 [main] INFO  com.trello.baseutil.BaseTest - Status code is: 200
2022-12-29 16:12:28,398 8477 [main] INFO  com.trello.baseutil.BaseTest - Content type is: application/json
2022-12-29 16:12:28,400 8479 [main] INFO  com.trello.baseutil.BaseTest - Response time is less than 2000
2022-12-29 16:12:29,403 9482 [main] DEBUG i.r.i.RequestSpecificationImpl$RestAssuredHttpBuilder - Parsing response as: application/json; charset=utf-8
2022-12-29 16:12:29,405 9484 [main] DEBUG i.r.i.RequestSpecificationImpl$RestAssuredHttpBuilder - Parsed data to instance of: class org.apache.http.conn.EofSensorInputStream
2022-12-29 16:12:29,415 9494 [main] INFO  com.trello.baseutil.BaseTest - Status code is: 200
2022-12-29 16:12:29,417 9496 [main] INFO  com.trello.baseutil.BaseTest - Content type is: application/json
2022-12-29 16:12:29,423 9502 [main] INFO  com.trello.baseutil.BaseTest - Response time is less than 2000
2022-12-29 16:12:31,197 11276 [main] DEBUG i.r.i.RequestSpecificationImpl$RestAssuredHttpBuilder - Parsing response as: application/json; charset=utf-8
2022-12-29 16:12:31,198 11277 [main] DEBUG i.r.i.RequestSpecificationImpl$RestAssuredHttpBuilder - Parsed data to instance of: class org.apache.http.conn.EofSensorInputStream
2022-12-29 16:12:31,204 11283 [main] INFO  com.trello.baseutil.BaseTest - Status code is: 200
2022-12-29 16:12:31,205 11284 [main] INFO  com.trello.baseutil.BaseTest - Response time is less than 2000
