2022-12-29 16:14:25,193 394  [main] INFO  com.trello.baseutil.BaseTest - Folder creation for Extent
2022-12-29 16:14:25,209 410  [main] INFO  com.trello.baseutil.BaseTest - ExtentDir:-C:\Users\Abhishek\Abhishek_Workspace\Trello_Api_Framework\Trello_Api_Framework/reports/Automation Report- 12_29_2022_16_14_25
2022-12-29 16:14:25,391 592  [main] INFO  com.trello.baseutil.BaseTest - Report Initiated
2022-12-29 16:14:25,392 593  [main] INFO  com.trello.baseutil.BaseTest - Screenshot folder created
2022-12-29 16:14:25,397 598  [main] INFO  com.trello.baseutil.BaseTest - Folder creation for Extent
2022-12-29 16:14:25,398 599  [main] INFO  com.trello.baseutil.BaseTest - ExtentDir:-C:\Users\Abhishek\Abhishek_Workspace\Trello_Api_Framework\Trello_Api_Framework/reports/Automation Report- 12_29_2022_16_14_25
2022-12-29 16:14:25,412 613  [main] INFO  com.trello.baseutil.BaseTest - Report Initiated
2022-12-29 16:14:25,413 614  [main] INFO  com.trello.baseutil.BaseTest - Screenshot folder created
2022-12-29 16:14:30,427 5628 [main] DEBUG i.r.i.RequestSpecificationImpl$RestAssuredHttpBuilder - Parsing response as: application/json; charset=utf-8
2022-12-29 16:14:30,429 5630 [main] DEBUG i.r.i.RequestSpecificationImpl$RestAssuredHttpBuilder - Parsed data to instance of: class org.apache.http.conn.EofSensorInputStream
2022-12-29 16:14:30,873 6074 [main] INFO  com.trello.baseutil.BaseTest - Status code is: 200
2022-12-29 16:14:30,943 6144 [main] INFO  com.trello.baseutil.BaseTest - Response time is less than 2000
2022-12-29 16:14:33,289 8490 [main] DEBUG i.r.i.RequestSpecificationImpl$RestAssuredHttpBuilder - Parsing response as: application/json; charset=utf-8
2022-12-29 16:14:33,290 8491 [main] DEBUG i.r.i.RequestSpecificationImpl$RestAssuredHttpBuilder - Parsed data to instance of: class org.apache.http.conn.EofSensorInputStream
2022-12-29 16:14:33,330 8531 [main] INFO  com.trello.baseutil.BaseTest - Status code is: 200
2022-12-29 16:14:33,331 8532 [main] INFO  com.trello.baseutil.BaseTest - Content type is: application/json
2022-12-29 16:14:33,333 8534 [main] INFO  com.trello.baseutil.BaseTest - Response time is less than 2000
2022-12-29 16:14:34,282 9483 [main] DEBUG i.r.i.RequestSpecificationImpl$RestAssuredHttpBuilder - Parsing response as: application/json; charset=utf-8
2022-12-29 16:14:34,283 9484 [main] DEBUG i.r.i.RequestSpecificationImpl$RestAssuredHttpBuilder - Parsed data to instance of: class org.apache.http.conn.EofSensorInputStream
2022-12-29 16:14:34,292 9493 [main] INFO  com.trello.baseutil.BaseTest - Status code is: 200
2022-12-29 16:14:34,294 9495 [main] INFO  com.trello.baseutil.BaseTest - Content type is: application/json
2022-12-29 16:14:34,296 9497 [main] INFO  com.trello.baseutil.BaseTest - Response time is less than 2000
2022-12-29 16:14:35,977 11178 [main] DEBUG i.r.i.RequestSpecificationImpl$RestAssuredHttpBuilder - Parsing response as: application/json; charset=utf-8
2022-12-29 16:14:35,978 11179 [main] DEBUG i.r.i.RequestSpecificationImpl$RestAssuredHttpBuilder - Parsed data to instance of: class org.apache.http.conn.EofSensorInputStream
2022-12-29 16:14:35,986 11187 [main] INFO  com.trello.baseutil.BaseTest - Status code is: 200
2022-12-29 16:14:35,989 11190 [main] INFO  com.trello.baseutil.BaseTest - Response time is less than 2000
