2022-10-22 22:41:17,270 295  [main] INFO  com.trello.android.baseutil.BaseTest - Starting the Appium Server
2022-10-22 22:41:19,058 2083 [main] INFO  com.trello.android.baseutil.BaseTest - Appium Server started
2022-10-22 22:41:19,060 2085 [main] INFO  com.trello.android.baseutil.BaseTest - Appium Server URL: http://127.0.0.1:4723/wd/hub
2022-10-22 22:41:19,064 2089 [main] INFO  com.trello.android.baseutil.BaseTest - Folder creation for Extent
2022-10-22 22:41:19,068 2093 [main] INFO  com.trello.android.baseutil.BaseTest - ExtentDir:-C:\Users\Abhishek\Abhishek_Workspace\Mobile_Framework/reports/Automation Report- 10_22_2022_22_41_19
2022-10-22 22:41:19,206 2231 [main] INFO  com.trello.android.baseutil.BaseTest - Report Initiated
2022-10-22 22:41:19,207 2232 [main] INFO  com.trello.android.baseutil.BaseTest - Screenshot folder created
2022-10-22 22:41:32,461 15486 [main] INFO  com.trello.android.baseutil.BaseTest - Validate Login Button is clickable
2022-10-22 22:41:33,735 16760 [main] INFO  com.trello.android.baseutil.BaseTest - Validate Login Button is displayed
2022-10-22 22:41:33,965 16990 [main] INFO  com.trello.android.baseutil.BaseTest - Login Button is displayed
2022-10-22 22:41:34,172 17197 [main] INFO  com.trello.android.baseutil.BaseTest - Clicked on Login Button
2022-10-22 22:41:45,190 28215 [main] INFO  com.trello.android.baseutil.BaseTest - Validate Email text is clickable
2022-10-22 22:42:45,560 88585 [main] INFO  com.trello.android.baseutil.BaseTest - Validate Email text is displayed
2022-10-22 22:43:25,950 128975 [main] INFO  com.trello.android.baseutil.BaseTest - Email text is displayed
2022-10-22 22:43:56,355 159380 [main] INFO  com.trello.android.baseutil.BaseTest - Clicked on Email text
2022-10-22 22:43:56,357 159382 [main] INFO  com.trello.android.baseutil.BaseTest - Validate Plus Icon is clickable
2022-10-22 22:44:18,120 181145 [main] INFO  com.trello.android.baseutil.BaseTest - Validate Plus Icon is displayed
2022-10-22 22:45:18,831 241856 [main] INFO  com.trello.android.baseutil.BaseTest - Plus Icon is displayed
2022-10-22 22:45:59,321 282346 [main] INFO  com.trello.android.baseutil.BaseTest - Clicked on Plus Icon
2022-10-22 22:45:59,321 282346 [main] INFO  com.trello.android.baseutil.BaseTest - Validate Create Board Icon is clickable
2022-10-22 22:47:30,246 373271 [main] INFO  com.trello.android.baseutil.BaseTest - Validate Create Board Icon is displayed
2022-10-22 22:48:30,962 433987 [main] INFO  com.trello.android.baseutil.BaseTest - Create Board Icon is displayed
2022-10-22 22:49:11,352 474377 [main] INFO  com.trello.android.baseutil.BaseTest - Clicked on Create Board Icon
2022-10-22 22:50:12,076 535101 [main] INFO  com.trello.android.baseutil.BaseTest -  Create Board Page is Displayed
2022-10-22 22:51:12,765 595790 [main] INFO  com.trello.android.baseutil.BaseTest - Clear the text present inBoard name text field
2022-10-22 22:53:54,437 757462 [main] INFO  com.trello.android.baseutil.BaseTest - Test1 is entered into Board name text field
2022-10-22 22:54:55,158 818183 [main] INFO  com.trello.android.baseutil.BaseTest - Expected text Test1 is matching with the Test1 text in the application 
2022-10-22 22:54:55,160 818185 [main] INFO  com.trello.android.baseutil.BaseTest - Test1 is entered into Board name text field
2022-10-22 22:54:55,160 818185 [main] INFO  com.trello.android.baseutil.BaseTest - Validate Workspace dropdown is clickable
2022-10-22 22:56:26,004 909029 [main] INFO  com.trello.android.baseutil.BaseTest - Validate Workspace dropdown is displayed
2022-10-22 22:57:26,677 969702 [main] INFO  com.trello.android.baseutil.BaseTest - Workspace dropdown is displayed
2022-10-22 22:58:07,083 1010108 [main] INFO  com.trello.android.baseutil.BaseTest - Clicked on Workspace dropdown
2022-10-22 22:58:17,245 1020270 [main] ERROR com.trello.android.baseutil.BaseTest - An element could not be located on the page using the given search parameters.
For documentation on this error, please visit: https://www.seleniumhq.org/exceptions/no_such_element.html
Build info: version: '3.141.59', revision: 'e82be7d358', time: '2018-11-14T08:17:03'
System info: host: 'TYSS-ABHISHEK', ip: '192.168.1.100', os.name: 'Windows 10', os.arch: 'amd64', os.version: '10.0', java.version: '1.8.0_201'
Driver info: io.appium.java_client.android.AndroidDriver
Capabilities {appActivity: .feature.authentication.Ver..., appPackage: com.trello, autoGrantPermissions: true, automationName: Appium, databaseEnabled: false, desired: {appActivity: .feature.authentication.Ver..., appPackage: com.trello, autoGrantPermissions: true, automationName: Appium, deviceName: Redmi Note 7 Pro, fullReset: false, newCommandTimeout: 10000, platformName: android}, deviceApiLevel: 29, deviceManufacturer: Xiaomi, deviceModel: Redmi Note 7 Pro, deviceName: 6c9f6803, deviceScreenDensity: 440, deviceScreenSize: 1080x2340, deviceUDID: 6c9f6803, fullReset: false, javascriptEnabled: true, locationContextEnabled: false, networkConnectionEnabled: true, newCommandTimeout: 10000, pixelRatio: 2.75, platform: LINUX, platformName: Android, platformVersion: 10, statBarHeight: 80, takesScreenshot: true, viewportRect: {height: 2051, left: 0, top: 80, width: 1080}, warnings: {}, webStorageEnabled: false}
Session ID: 109967e9-37e9-4960-9565-85cc97ca2646
*** Element info: {Using=xpath, value=//android.widget.CheckedTextView[contains(@text,'abhishek.m04@testyantra.com')]}
2022-10-22 22:58:29,669 1032694 [main] INFO  com.trello.android.baseutil.BaseTest - Appium server stopped
