2022-11-04 22:56:17,404 511  [main] INFO  com.trello.android.baseutil.BaseTest - Starting the Appium Server
2022-11-04 22:56:17,632 739  [main] INFO  com.trello.android.baseutil.BaseTest - Appium Server started
2022-11-04 22:56:17,633 740  [main] INFO  com.trello.android.baseutil.BaseTest - Appium Server URL: http://127.0.0.1:4723/wd/hub
2022-11-04 22:56:17,634 741  [main] INFO  com.trello.android.baseutil.BaseTest - Launching the Emulator
2022-11-04 22:56:22,498 5605 [main] INFO  com.trello.android.baseutil.BaseTest - Emulator launched successfully!
2022-11-04 22:56:22,504 5611 [main] INFO  com.trello.android.baseutil.BaseTest - Folder creation for Extent
2022-11-04 22:56:22,511 5618 [main] INFO  com.trello.android.baseutil.BaseTest - ExtentDir:-C:\Users\Abhishek\Abhishek_Workspace\Mobile_Framework/reports/Automation Report- 11_04_2022_22_56_22
2022-11-04 22:56:22,751 5858 [main] INFO  com.trello.android.baseutil.BaseTest - Report Initiated
2022-11-04 22:56:22,753 5860 [main] INFO  com.trello.android.baseutil.BaseTest - Screenshot folder created
2022-11-04 22:56:42,837 25944 [main] INFO  com.trello.android.baseutil.BaseTest - Validate Login Button is clickable
2022-11-04 22:56:43,589 26696 [main] INFO  com.trello.android.baseutil.BaseTest - Validate Login Button is displayed
2022-11-04 22:56:43,844 26951 [main] INFO  com.trello.android.baseutil.BaseTest - Login Button is displayed
2022-11-04 22:56:44,027 27134 [main] INFO  com.trello.android.baseutil.BaseTest - Clicked on Login Button
2022-11-04 22:56:44,035 27142 [main] INFO  com.trello.android.baseutil.BaseTest - Validate Sign in with email Button is clickable
2022-11-04 22:56:45,778 28885 [main] INFO  com.trello.android.baseutil.BaseTest - Validate Sign in with email Button is displayed
2022-11-04 22:56:45,923 29030 [main] INFO  com.trello.android.baseutil.BaseTest - Sign in with email Button is displayed
2022-11-04 22:56:46,017 29124 [main] INFO  com.trello.android.baseutil.BaseTest - Clicked on Sign in with email Button
2022-11-04 22:56:46,018 29125 [main] INFO  com.trello.android.baseutil.BaseTest - Validate Browser icon is clickable
2022-11-04 22:56:49,362 32469 [main] INFO  com.trello.android.baseutil.BaseTest - Validate Browser icon is displayed
2022-11-04 22:56:49,674 32781 [main] INFO  com.trello.android.baseutil.BaseTest - Browser icon is displayed
2022-11-04 22:56:49,851 32958 [main] INFO  com.trello.android.baseutil.BaseTest - Clicked on Browser icon
2022-11-04 22:56:55,218 38325 [main] ERROR com.trello.android.baseutil.BaseTest - An element could not be located on the page using the given search parameters.
For documentation on this error, please visit: https://www.seleniumhq.org/exceptions/no_such_element.html
Build info: version: '3.141.59', revision: 'e82be7d358', time: '2018-11-14T08:17:03'
System info: host: 'TYSS-ABHISHEK', ip: '192.168.43.178', os.name: 'Windows 10', os.arch: 'amd64', os.version: '10.0', java.version: '1.8.0_201'
Driver info: io.appium.java_client.android.AndroidDriver
Capabilities {appActivity: .feature.authentication.Ver..., appPackage: com.trello, autoGrantPermissions: true, automationName: Appium, databaseEnabled: false, desired: {appActivity: .feature.authentication.Ver..., appPackage: com.trello, autoGrantPermissions: true, automationName: Appium, deviceName: Nexus5, fullReset: false, newCommandTimeout: 10000, platformName: android}, deviceApiLevel: 28, deviceManufacturer: Google, deviceModel: AOSP on IA Emulator, deviceName: emulator-5554, deviceScreenDensity: 480, deviceScreenSize: 1080x1920, deviceUDID: emulator-5554, fullReset: false, javascriptEnabled: true, locationContextEnabled: false, networkConnectionEnabled: true, newCommandTimeout: 10000, pixelRatio: 3, platform: LINUX, platformName: Android, platformVersion: 9, statBarHeight: 72, takesScreenshot: true, viewportRect: {height: 1704, left: 0, top: 72, width: 1080}, warnings: {}, webStorageEnabled: false}
Session ID: 05faeeff-b6f0-45d8-8fe1-1d8cf8410303
*** Element info: {Using=xpath, value=//android.widget.TextView[contains(@text,'abhishek')] or //android.view.View[contains(@text,'abhishek')]}
