2022-11-30 15:33:37,680 346  [main] INFO  com.tyss.flipkart.android.baseutil.BaseTest - Starting the Appium Server
2022-11-30 15:33:37,826 492  [main] INFO  com.tyss.flipkart.android.baseutil.BaseTest - Appium Server started
2022-11-30 15:33:37,827 493  [main] INFO  com.tyss.flipkart.android.baseutil.BaseTest - Appium Server URL: http://127.0.0.1:4723/wd/hub
2022-11-30 15:33:37,827 493  [main] INFO  com.tyss.flipkart.android.baseutil.BaseTest - Launching the Emulator
2022-11-30 15:33:37,911 577  [main] INFO  com.tyss.flipkart.android.baseutil.BaseTest - Emulator launched successfully!
2022-11-30 15:33:37,919 585  [main] INFO  com.tyss.flipkart.android.baseutil.BaseTest - Folder creation for Extent
2022-11-30 15:33:37,924 590  [main] INFO  com.tyss.flipkart.android.baseutil.BaseTest - ExtentDir:-C:\WorkSpace2\Flipkart_Mobile_Framework\Flipkart_Mobile_Framework/reports/Automation Report- 11_30_2022_15_33_37
2022-11-30 15:33:38,108 774  [main] INFO  com.tyss.flipkart.android.baseutil.BaseTest - Report Initiated
2022-11-30 15:33:38,109 775  [main] INFO  com.tyss.flipkart.android.baseutil.BaseTest - Screenshot folder created
2022-11-30 15:33:56,910 19576 [main] INFO  com.tyss.flipkart.android.baseutil.BaseTest - Choose language Page is Displayed
2022-11-30 15:33:57,259 19925 [main] INFO  com.tyss.flipkart.android.baseutil.BaseTest - Validate English language text is clickable
2022-11-30 15:33:58,982 21648 [main] INFO  com.tyss.flipkart.android.baseutil.BaseTest - Validate English language text is displayed
2022-11-30 15:33:59,035 21701 [main] INFO  com.tyss.flipkart.android.baseutil.BaseTest - English language text is displayed
2022-11-30 15:33:59,993 22659 [main] INFO  com.tyss.flipkart.android.baseutil.BaseTest - Clicked on English language text
2022-11-30 15:33:59,994 22660 [main] INFO  com.tyss.flipkart.android.baseutil.BaseTest - Validate Continue Button is clickable
2022-11-30 15:34:01,040 23706 [main] INFO  com.tyss.flipkart.android.baseutil.BaseTest - Validate Continue Button is displayed
2022-11-30 15:34:02,056 24722 [main] INFO  com.tyss.flipkart.android.baseutil.BaseTest - Continue Button is displayed
2022-11-30 15:34:02,770 25436 [main] INFO  com.tyss.flipkart.android.baseutil.BaseTest - Clicked on Continue Button
2022-11-30 15:34:02,771 25437 [main] INFO  com.tyss.flipkart.android.baseutil.BaseTest - Validate None of the above Button is clickable
2022-11-30 15:34:05,215 27881 [main] INFO  com.tyss.flipkart.android.baseutil.BaseTest - Validate None of the above Button is displayed
2022-11-30 15:34:05,368 28034 [main] INFO  com.tyss.flipkart.android.baseutil.BaseTest - None of the above Button is displayed
2022-11-30 15:34:05,476 28142 [main] INFO  com.tyss.flipkart.android.baseutil.BaseTest - Clicked on None of the above Button
2022-11-30 15:34:06,520 29186 [main] INFO  com.tyss.flipkart.android.baseutil.BaseTest - Login Page is Displayed
2022-11-30 15:34:06,521 29187 [main] INFO  com.tyss.flipkart.android.baseutil.BaseTest - Validate Crossmark Button is clickable
2022-11-30 15:34:06,725 29391 [main] INFO  com.tyss.flipkart.android.baseutil.BaseTest - Validate Crossmark Button is displayed
2022-11-30 15:34:06,882 29548 [main] INFO  com.tyss.flipkart.android.baseutil.BaseTest - Crossmark Button is displayed
2022-11-30 15:34:07,011 29677 [main] INFO  com.tyss.flipkart.android.baseutil.BaseTest - Clicked on Crossmark Button
2022-11-30 15:34:14,965 37631 [main] INFO  com.tyss.flipkart.android.baseutil.BaseTest - Home Page is Displayed
2022-11-30 15:34:15,297 37963 [main] INFO  com.tyss.flipkart.android.baseutil.BaseTest - Wait for visibility of Categories tab
2022-11-30 15:34:16,865 39531 [main] INFO  com.tyss.flipkart.android.baseutil.BaseTest - Validate Categories tab is clickable
2022-11-30 15:34:17,198 39864 [main] INFO  com.tyss.flipkart.android.baseutil.BaseTest - Validate Categories tab is displayed
2022-11-30 15:34:17,273 39939 [main] INFO  com.tyss.flipkart.android.baseutil.BaseTest - Categories tab is displayed
2022-11-30 15:34:17,354 40020 [main] INFO  com.tyss.flipkart.android.baseutil.BaseTest - Clicked on Categories tab
2022-11-30 15:34:17,354 40020 [main] INFO  com.tyss.flipkart.android.baseutil.BaseTest - Wait for visibility of Search icon
2022-11-30 15:34:20,160 42826 [main] INFO  com.tyss.flipkart.android.baseutil.BaseTest - Validate Search icon is clickable
2022-11-30 15:34:21,991 44657 [main] INFO  com.tyss.flipkart.android.baseutil.BaseTest - Validate Search icon is displayed
2022-11-30 15:34:22,309 44975 [main] INFO  com.tyss.flipkart.android.baseutil.BaseTest - Search icon is displayed
2022-11-30 15:34:22,557 45223 [main] INFO  com.tyss.flipkart.android.baseutil.BaseTest - Clicked on Search icon
2022-11-30 15:34:28,676 51342 [main] INFO  com.tyss.flipkart.android.baseutil.BaseTest - Cookker is entered into Search for products text field
2022-11-30 15:34:30,285 52951 [main] INFO  com.tyss.flipkart.android.baseutil.BaseTest - Wait for visibility of pressure cooker tab
2022-11-30 15:34:30,564 53230 [main] INFO  com.tyss.flipkart.android.baseutil.BaseTest - Validate pressure cooker tab is clickable
2022-11-30 15:34:30,640 53306 [main] INFO  com.tyss.flipkart.android.baseutil.BaseTest - Validate pressure cooker tab is displayed
2022-11-30 15:34:30,700 53366 [main] INFO  com.tyss.flipkart.android.baseutil.BaseTest - pressure cooker tab is displayed
2022-11-30 15:34:31,640 54306 [main] INFO  com.tyss.flipkart.android.baseutil.BaseTest - Clicked on pressure cooker tab
2022-11-30 15:34:31,642 54308 [main] INFO  com.tyss.flipkart.android.baseutil.BaseTest - Validate Not now Button is clickable
2022-11-30 15:35:06,177 88843 [main] ERROR com.tyss.flipkart.android.baseutil.BaseTest - Not now Button is not clickable
2022-11-30 15:35:06,177 88843 [main] ERROR com.tyss.flipkart.android.baseutil.BaseTest - Unable to click on Not now Button
2022-11-30 15:35:37,738 120404 [main] ERROR com.tyss.flipkart.android.baseutil.BaseTest - Expected condition failed: waiting for element to be clickable: Located by By.id: com.flipkart.android:id/not_now_button (tried for 30 second(s) with 500 milliseconds interval)
