2022-12-01 11:42:13,256 183  [main] INFO  com.tyss.jiosavan.android.baseutil.BaseTest - Starting the Appium Server
2022-12-01 11:42:13,397 324  [main] INFO  com.tyss.jiosavan.android.baseutil.BaseTest - Appium Server started
2022-12-01 11:42:13,398 325  [main] INFO  com.tyss.jiosavan.android.baseutil.BaseTest - Appium Server URL: http://127.0.0.1:4723/wd/hub
2022-12-01 11:42:13,398 325  [main] INFO  com.tyss.jiosavan.android.baseutil.BaseTest - Launching the Emulator
2022-12-01 11:42:13,518 445  [main] INFO  com.tyss.jiosavan.android.baseutil.BaseTest - Emulator launched successfully!
2022-12-01 11:42:13,523 450  [main] INFO  com.tyss.jiosavan.android.baseutil.BaseTest - Folder creation for Extent
2022-12-01 11:42:13,526 453  [main] INFO  com.tyss.jiosavan.android.baseutil.BaseTest - ExtentDir:-C:\WorkSpace2\JioSavan_Mobile_Framework/reports/Automation Report- 12_01_2022_11_42_13
2022-12-01 11:42:13,622 549  [main] INFO  com.tyss.jiosavan.android.baseutil.BaseTest - Report Initiated
2022-12-01 11:42:13,622 549  [main] INFO  com.tyss.jiosavan.android.baseutil.BaseTest - Screenshot folder created
2022-12-01 11:42:29,790 16717 [main] INFO  com.tyss.jiosavan.android.baseutil.BaseTest - Choose language Page is Displayed
2022-12-01 11:42:29,902 16829 [main] INFO  com.tyss.jiosavan.android.baseutil.BaseTest - Validate English language text is clickable
2022-12-01 11:42:29,966 16893 [main] INFO  com.tyss.jiosavan.android.baseutil.BaseTest - Validate English language text is displayed
2022-12-01 11:42:30,011 16938 [main] INFO  com.tyss.jiosavan.android.baseutil.BaseTest - English language text is displayed
2022-12-01 11:42:30,074 17001 [main] INFO  com.tyss.jiosavan.android.baseutil.BaseTest - Clicked on English language text
2022-12-01 11:42:30,223 17150 [main] INFO  com.tyss.jiosavan.android.baseutil.BaseTest - Validate Next Button is clickable
2022-12-01 11:42:30,720 17647 [main] INFO  com.tyss.jiosavan.android.baseutil.BaseTest - Validate Next Button is displayed
2022-12-01 11:42:31,804 18731 [main] INFO  com.tyss.jiosavan.android.baseutil.BaseTest - Next Button is displayed
2022-12-01 11:42:31,896 18823 [main] INFO  com.tyss.jiosavan.android.baseutil.BaseTest - Clicked on Next Button
2022-12-01 11:42:32,701 19628 [main] INFO  com.tyss.jiosavan.android.baseutil.BaseTest - Validate Kannada language text is clickable
2022-12-01 11:42:32,780 19707 [main] INFO  com.tyss.jiosavan.android.baseutil.BaseTest - Validate Kannada language text is displayed
2022-12-01 11:42:32,824 19751 [main] INFO  com.tyss.jiosavan.android.baseutil.BaseTest - Kannada language text is displayed
2022-12-01 11:42:32,915 19842 [main] INFO  com.tyss.jiosavan.android.baseutil.BaseTest - Clicked on Kannada language text
2022-12-01 11:42:33,853 20780 [main] INFO  com.tyss.jiosavan.android.baseutil.BaseTest - Wait for visibility of Done Button
2022-12-01 11:42:33,993 20920 [main] INFO  com.tyss.jiosavan.android.baseutil.BaseTest - Validate Done Button is clickable
2022-12-01 11:42:34,040 20967 [main] INFO  com.tyss.jiosavan.android.baseutil.BaseTest - Validate Done Button is displayed
2022-12-01 11:42:34,086 21013 [main] INFO  com.tyss.jiosavan.android.baseutil.BaseTest - Done Button is displayed
2022-12-01 11:42:34,143 21070 [main] INFO  com.tyss.jiosavan.android.baseutil.BaseTest - Clicked on Done Button
2022-12-01 11:42:39,680 26607 [main] ERROR com.tyss.jiosavan.android.baseutil.BaseTest - An element could not be located on the page using the given search parameters.
For documentation on this error, please visit: https://www.seleniumhq.org/exceptions/no_such_element.html
Build info: version: '3.141.59', revision: 'e82be7d358', time: '2018-11-14T08:17:03'
System info: host: 'TYSS-MANJAPPA', ip: '192.168.2.132', os.name: 'Windows 10', os.arch: 'amd64', os.version: '10.0', java.version: '1.8.0_202'
Driver info: io.appium.java_client.android.AndroidDriver
Capabilities {appActivity: .GoogleVoiceSearchActivity, appPackage: com.jio.media.jiobeats, autoGrantPermissions: true, automationName: UiAutomator2, databaseEnabled: false, desired: {appActivity: .GoogleVoiceSearchActivity, appPackage: com.jio.media.jiobeats, autoGrantPermissions: true, automationName: UiAutomator2, deviceName: vivo T1 5G, fullReset: false, newCommandTimeout: 10000, platformName: android}, deviceApiLevel: 31, deviceManufacturer: vivo, deviceModel: V2141, deviceName: 1594564202001W8, deviceScreenDensity: 440, deviceScreenSize: 1080x2408, deviceUDID: 1594564202001W8, fullReset: false, javascriptEnabled: true, locationContextEnabled: false, networkConnectionEnabled: true, newCommandTimeout: 10000, pixelRatio: 2.75, platform: LINUX, platformName: Android, platformVersion: 12, statBarHeight: 88, takesScreenshot: true, viewportRect: {height: 2210, left: 0, top: 88, width: 1080}, warnings: {}, webStorageEnabled: false}
Session ID: 4bb54a73-c6e6-48d8-8f20-98de46c17b85
*** Element info: {Using=xpath, value=//android.widget.TextView[@text='Home']}
