2022-12-29 15:42:22,108 491  [main] INFO  com.trello.baseutil.BaseTest - Folder creation for Extent
2022-12-29 15:42:22,130 513  [main] INFO  com.trello.baseutil.BaseTest - ExtentDir:-C:\Users\Abhishek\Abhishek_Workspace\Trello_Api_Framework\Trello_Api_Framework/reports/Automation Report- 12_29_2022_15_42_22
2022-12-29 15:42:22,303 686  [main] INFO  com.trello.baseutil.BaseTest - Report Initiated
2022-12-29 15:42:22,304 687  [main] INFO  com.trello.baseutil.BaseTest - Screenshot folder created
2022-12-29 15:42:27,351 5734 [main] DEBUG i.r.i.RequestSpecificationImpl$RestAssuredHttpBuilder - Parsing response as: application/json; charset=utf-8
2022-12-29 15:42:27,352 5735 [main] DEBUG i.r.i.RequestSpecificationImpl$RestAssuredHttpBuilder - Parsed data to instance of: class org.apache.http.conn.EofSensorInputStream
2022-12-29 15:42:27,634 6017 [main] INFO  com.trello.baseutil.BaseTest - Status code is: 200
2022-12-29 15:42:27,705 6088 [main] INFO  com.trello.baseutil.BaseTest - Response time is less than 2000
2022-12-29 15:42:30,099 8482 [main] DEBUG i.r.i.RequestSpecificationImpl$RestAssuredHttpBuilder - Parsing response as: application/json; charset=utf-8
2022-12-29 15:42:30,100 8483 [main] DEBUG i.r.i.RequestSpecificationImpl$RestAssuredHttpBuilder - Parsed data to instance of: class org.apache.http.conn.EofSensorInputStream
2022-12-29 15:42:30,107 8490 [main] INFO  com.trello.baseutil.BaseTest - Status code is: 200
2022-12-29 15:42:30,109 8492 [main] INFO  com.trello.baseutil.BaseTest - Response time is less than 2000
2022-12-29 15:42:31,222 9605 [main] DEBUG i.r.i.RequestSpecificationImpl$RestAssuredHttpBuilder - Parsing response as: application/json; charset=utf-8
2022-12-29 15:42:31,224 9607 [main] DEBUG i.r.i.RequestSpecificationImpl$RestAssuredHttpBuilder - Parsed data to instance of: class org.apache.http.conn.EofSensorInputStream
2022-12-29 15:42:31,235 9618 [main] INFO  com.trello.baseutil.BaseTest - Status code is: 200
2022-12-29 15:42:31,237 9620 [main] INFO  com.trello.baseutil.BaseTest - Response time is less than 2000
2022-12-29 15:42:33,747 12130 [main] DEBUG i.r.i.RequestSpecificationImpl$RestAssuredHttpBuilder - Parsing response as: application/json; charset=utf-8
2022-12-29 15:42:33,748 12131 [main] DEBUG i.r.i.RequestSpecificationImpl$RestAssuredHttpBuilder - Parsed data to instance of: class org.apache.http.conn.EofSensorInputStream
2022-12-29 15:42:33,754 12137 [main] INFO  com.trello.baseutil.BaseTest - Status code is: 200
2022-12-29 15:42:33,757 12140 [main] INFO  com.trello.baseutil.BaseTest - Response time is less than 2000
