2022-11-28 19:07:36,461 210  [main] INFO  com.tyss.flipkart.android.baseutil.BaseTest - Starting the Appium Server
2022-11-28 19:07:38,184 1933 [main] INFO  com.tyss.flipkart.android.baseutil.BaseTest - Appium Server started
2022-11-28 19:07:38,185 1934 [main] INFO  com.tyss.flipkart.android.baseutil.BaseTest - Appium Server URL: http://127.0.0.1:4723/wd/hub
2022-11-28 19:07:38,190 1939 [main] INFO  com.tyss.flipkart.android.baseutil.BaseTest - Folder creation for Extent
2022-11-28 19:07:38,194 1943 [main] INFO  com.tyss.flipkart.android.baseutil.BaseTest - ExtentDir:-C:\Users\Abhishek\Abhishek_Workspace\Flipkart_Mobile_Framework/reports/Automation Report- 11_28_2022_19_07_38
2022-11-28 19:07:38,315 2064 [main] INFO  com.tyss.flipkart.android.baseutil.BaseTest - Report Initiated
2022-11-28 19:07:38,316 2065 [main] INFO  com.tyss.flipkart.android.baseutil.BaseTest - Screenshot folder created
2022-11-28 19:09:01,359 85108 [main] INFO  com.tyss.flipkart.android.baseutil.BaseTest - Choose language Page is Displayed
2022-11-28 19:09:11,725 95474 [main] INFO  com.tyss.flipkart.android.baseutil.BaseTest - Validate English language text is clickable
2022-11-28 19:10:12,219 155968 [main] INFO  com.tyss.flipkart.android.baseutil.BaseTest - Validate English language text is displayed
2022-11-28 19:10:52,469 196218 [main] INFO  com.tyss.flipkart.android.baseutil.BaseTest - English language text is displayed
2022-11-28 19:11:22,767 226516 [main] INFO  com.tyss.flipkart.android.baseutil.BaseTest - Clicked on English language text
2022-11-28 19:11:22,770 226519 [main] INFO  com.tyss.flipkart.android.baseutil.BaseTest - Validate Continue Button is clickable
2022-11-28 19:12:53,917 317666 [main] INFO  com.tyss.flipkart.android.baseutil.BaseTest - Validate Continue Button is displayed
2022-11-28 19:13:54,699 378448 [main] INFO  com.tyss.flipkart.android.baseutil.BaseTest - Continue Button is displayed
2022-11-28 19:14:35,117 418866 [main] INFO  com.tyss.flipkart.android.baseutil.BaseTest - Clicked on Continue Button
2022-11-28 19:14:35,119 418868 [main] INFO  com.tyss.flipkart.android.baseutil.BaseTest - Validate None of the above Button is clickable
2022-11-28 19:15:32,945 476694 [main] INFO  com.tyss.flipkart.android.baseutil.BaseTest - Validate None of the above Button is displayed
2022-11-28 19:15:33,102 476851 [main] INFO  com.tyss.flipkart.android.baseutil.BaseTest - None of the above Button is displayed
2022-11-28 19:15:33,262 477011 [main] INFO  com.tyss.flipkart.android.baseutil.BaseTest - Clicked on None of the above Button
2022-11-28 19:15:34,052 477801 [main] INFO  com.tyss.flipkart.android.baseutil.BaseTest - Login Page is Displayed
2022-11-28 19:15:34,053 477802 [main] INFO  com.tyss.flipkart.android.baseutil.BaseTest - Validate Crossmark Button is clickable
2022-11-28 19:15:34,350 478099 [main] INFO  com.tyss.flipkart.android.baseutil.BaseTest - Validate Crossmark Button is displayed
2022-11-28 19:15:34,521 478270 [main] INFO  com.tyss.flipkart.android.baseutil.BaseTest - Crossmark Button is displayed
2022-11-28 19:15:34,663 478412 [main] INFO  com.tyss.flipkart.android.baseutil.BaseTest - Clicked on Crossmark Button
2022-11-28 19:16:36,410 540159 [main] INFO  com.tyss.flipkart.android.baseutil.BaseTest - Home Page is Displayed
2022-11-28 19:16:36,411 540160 [main] INFO  com.tyss.flipkart.android.baseutil.BaseTest - Wait for visibility of Search for products text field
2022-11-28 19:18:08,032 631781 [main] INFO  com.tyss.flipkart.android.baseutil.BaseTest - Validate Search for products text field is clickable
2022-11-28 19:19:39,280 723029 [main] INFO  com.tyss.flipkart.android.baseutil.BaseTest - Validate Search for products text field is displayed
2022-11-28 19:20:40,064 783813 [main] INFO  com.tyss.flipkart.android.baseutil.BaseTest - Search for products text field is displayed
2022-11-28 19:21:20,697 824446 [main] INFO  com.tyss.flipkart.android.baseutil.BaseTest - Clicked on Search for products text field
2022-11-28 19:25:15,362 1059111 [main] INFO  com.tyss.flipkart.android.baseutil.BaseTest - Samsung galaxy s20 fe is entered into Search for products text field
2022-11-28 19:25:25,617 1069366 [main] ERROR com.tyss.flipkart.android.baseutil.BaseTest - An element could not be located on the page using the given search parameters.
For documentation on this error, please visit: https://www.seleniumhq.org/exceptions/no_such_element.html
Build info: version: '3.141.59', revision: 'e82be7d358', time: '2018-11-14T08:17:03'
System info: host: 'TYSS-ABHISHEK', ip: '192.168.43.178', os.name: 'Windows 10', os.arch: 'amd64', os.version: '10.0', java.version: '1.8.0_201'
Driver info: io.appium.java_client.android.AndroidDriver
Capabilities {appActivity: com.flipkart.android.activi..., appPackage: com.flipkart.android, autoGrantPermissions: true, automationName: Appium, databaseEnabled: false, desired: {appActivity: com.flipkart.android.activi..., appPackage: com.flipkart.android, autoGrantPermissions: true, automationName: Appium, deviceName: Redmi Note 7 Pro, fullReset: false, newCommandTimeout: 10000, platformName: android}, deviceApiLevel: 29, deviceManufacturer: Xiaomi, deviceModel: Redmi Note 7 Pro, deviceName: 6c9f6803, deviceScreenDensity: 440, deviceScreenSize: 1080x2340, deviceUDID: 6c9f6803, fullReset: false, javascriptEnabled: true, locationContextEnabled: false, networkConnectionEnabled: true, newCommandTimeout: 10000, pixelRatio: 2.75, platform: LINUX, platformName: Android, platformVersion: 10, statBarHeight: 80, takesScreenshot: true, viewportRect: {height: 2051, left: 0, top: 80, width: 1080}, warnings: {}, webStorageEnabled: false}
Session ID: 562aa0f4-8ac4-4308-b86e-a39e192258ba
*** Element info: {Using=xpath, value=//android.widget.TextView[contains(@text,'Samsung galaxy s20 fe')]/following-sibling::android.widget.TextView[@text='in Mobiles']}
2022-11-28 19:25:27,945 1071694 [main] INFO  com.tyss.flipkart.android.baseutil.BaseTest - Appium server stopped
