2022-12-30 09:33:33,694 348  [main] INFO  com.trello.baseutil.BaseTest - Folder creation for Extent
2022-12-30 09:33:33,707 361  [main] INFO  com.trello.baseutil.BaseTest - ExtentDir:-C:\Users\Abhishek\Abhishek_Workspace\Trello_Api_Framework\Trello_Api_Framework/reports/Automation Report- 12_30_2022_09_33_33
2022-12-30 09:33:33,857 511  [main] INFO  com.trello.baseutil.BaseTest - Report Initiated
2022-12-30 09:33:33,857 511  [main] INFO  com.trello.baseutil.BaseTest - Screenshot folder created
2022-12-30 09:33:38,857 5511 [main] DEBUG i.r.i.RequestSpecificationImpl$RestAssuredHttpBuilder - Parsing response as: application/json; charset=utf-8
2022-12-30 09:33:38,865 5519 [main] DEBUG i.r.i.RequestSpecificationImpl$RestAssuredHttpBuilder - Parsed data to instance of: class org.apache.http.conn.EofSensorInputStream
2022-12-30 09:33:39,114 5768 [main] INFO  com.trello.baseutil.BaseTest - Status code is: 200
2022-12-30 09:33:39,124 5778 [main] INFO  com.trello.baseutil.BaseTest - Content type is: application/json
2022-12-30 09:33:39,175 5829 [main] INFO  com.trello.baseutil.BaseTest - Response time is less than: 2000
2022-12-30 09:33:39,175 5829 [main] INFO  com.trello.baseutil.BaseTest - Response time is less than 2000
2022-12-30 09:33:41,450 8104 [main] DEBUG i.r.i.RequestSpecificationImpl$RestAssuredHttpBuilder - Parsing response as: application/json; charset=utf-8
2022-12-30 09:33:41,451 8105 [main] DEBUG i.r.i.RequestSpecificationImpl$RestAssuredHttpBuilder - Parsed data to instance of: class org.apache.http.conn.EofSensorInputStream
2022-12-30 09:33:41,466 8120 [main] INFO  com.trello.baseutil.BaseTest - Status code is: 200
2022-12-30 09:33:41,467 8121 [main] INFO  com.trello.baseutil.BaseTest - Content type is: application/json
2022-12-30 09:33:41,470 8124 [main] INFO  com.trello.baseutil.BaseTest - Response time is less than: 2000
2022-12-30 09:33:41,470 8124 [main] INFO  com.trello.baseutil.BaseTest - Response time is less than 2000
2022-12-30 09:33:43,079 9733 [main] DEBUG i.r.i.RequestSpecificationImpl$RestAssuredHttpBuilder - Parsing response as: application/json; charset=utf-8
2022-12-30 09:33:43,080 9734 [main] DEBUG i.r.i.RequestSpecificationImpl$RestAssuredHttpBuilder - Parsed data to instance of: class org.apache.http.conn.EofSensorInputStream
2022-12-30 09:33:43,084 9738 [main] INFO  com.trello.baseutil.BaseTest - Status code is: 200
2022-12-30 09:33:43,085 9739 [main] INFO  com.trello.baseutil.BaseTest - Content type is: application/json
2022-12-30 09:33:43,086 9740 [main] INFO  com.trello.baseutil.BaseTest - Response time is less than: 2000
2022-12-30 09:33:43,086 9740 [main] INFO  com.trello.baseutil.BaseTest - Response time is less than 2000
