2022-11-30 15:22:15,372 361  [main] INFO  com.tyss.flipkart.android.baseutil.BaseTest - Starting the Appium Server
2022-11-30 15:22:15,543 532  [main] INFO  com.tyss.flipkart.android.baseutil.BaseTest - Appium Server started
2022-11-30 15:22:15,543 532  [main] INFO  com.tyss.flipkart.android.baseutil.BaseTest - Appium Server URL: http://127.0.0.1:4723/wd/hub
2022-11-30 15:22:15,544 533  [main] INFO  com.tyss.flipkart.android.baseutil.BaseTest - Launching the Emulator
2022-11-30 15:22:15,643 632  [main] INFO  com.tyss.flipkart.android.baseutil.BaseTest - Emulator launched successfully!
2022-11-30 15:22:15,671 660  [main] INFO  com.tyss.flipkart.android.baseutil.BaseTest - Folder creation for Extent
2022-11-30 15:22:15,676 665  [main] INFO  com.tyss.flipkart.android.baseutil.BaseTest - ExtentDir:-C:\WorkSpace2\Flipkart_Mobile_Framework\Flipkart_Mobile_Framework/reports/Automation Report- 11_30_2022_15_22_15
2022-11-30 15:22:15,872 861  [main] INFO  com.tyss.flipkart.android.baseutil.BaseTest - Report Initiated
2022-11-30 15:22:15,874 863  [main] INFO  com.tyss.flipkart.android.baseutil.BaseTest - Screenshot folder created
2022-11-30 15:22:35,973 20962 [main] INFO  com.tyss.flipkart.android.baseutil.BaseTest - Choose language Page is Displayed
2022-11-30 15:22:36,357 21346 [main] INFO  com.tyss.flipkart.android.baseutil.BaseTest - Validate English language text is clickable
2022-11-30 15:22:36,416 21405 [main] INFO  com.tyss.flipkart.android.baseutil.BaseTest - Validate English language text is displayed
2022-11-30 15:22:36,474 21463 [main] INFO  com.tyss.flipkart.android.baseutil.BaseTest - English language text is displayed
2022-11-30 15:22:36,591 21580 [main] INFO  com.tyss.flipkart.android.baseutil.BaseTest - Clicked on English language text
2022-11-30 15:22:36,593 21582 [main] INFO  com.tyss.flipkart.android.baseutil.BaseTest - Validate Continue Button is clickable
2022-11-30 15:22:37,934 22923 [main] INFO  com.tyss.flipkart.android.baseutil.BaseTest - Validate Continue Button is displayed
2022-11-30 15:22:38,265 23254 [main] INFO  com.tyss.flipkart.android.baseutil.BaseTest - Continue Button is displayed
2022-11-30 15:22:38,994 23983 [main] INFO  com.tyss.flipkart.android.baseutil.BaseTest - Clicked on Continue Button
2022-11-30 15:22:38,996 23985 [main] INFO  com.tyss.flipkart.android.baseutil.BaseTest - Validate None of the above Button is clickable
2022-11-30 15:22:42,215 27204 [main] INFO  com.tyss.flipkart.android.baseutil.BaseTest - Validate None of the above Button is displayed
2022-11-30 15:22:42,357 27346 [main] INFO  com.tyss.flipkart.android.baseutil.BaseTest - None of the above Button is displayed
2022-11-30 15:22:42,487 27476 [main] INFO  com.tyss.flipkart.android.baseutil.BaseTest - Clicked on None of the above Button
2022-11-30 15:22:45,049 30038 [main] INFO  com.tyss.flipkart.android.baseutil.BaseTest - Login Page is Displayed
2022-11-30 15:22:45,051 30040 [main] INFO  com.tyss.flipkart.android.baseutil.BaseTest - Validate Crossmark Button is clickable
2022-11-30 15:22:45,327 30316 [main] INFO  com.tyss.flipkart.android.baseutil.BaseTest - Validate Crossmark Button is displayed
2022-11-30 15:22:45,519 30508 [main] INFO  com.tyss.flipkart.android.baseutil.BaseTest - Crossmark Button is displayed
2022-11-30 15:22:45,661 30650 [main] INFO  com.tyss.flipkart.android.baseutil.BaseTest - Clicked on Crossmark Button
2022-11-30 15:22:49,093 34082 [main] INFO  com.tyss.flipkart.android.baseutil.BaseTest - Home Page is Displayed
2022-11-30 15:22:49,343 34332 [main] INFO  com.tyss.flipkart.android.baseutil.BaseTest - Wait for visibility of Account tab
2022-11-30 15:22:49,661 34650 [main] INFO  com.tyss.flipkart.android.baseutil.BaseTest - Validate Account tab is clickable
2022-11-30 15:22:49,738 34727 [main] INFO  com.tyss.flipkart.android.baseutil.BaseTest - Validate Account tab is displayed
2022-11-30 15:22:49,806 34795 [main] INFO  com.tyss.flipkart.android.baseutil.BaseTest - Account tab is displayed
2022-11-30 15:22:49,907 34896 [main] INFO  com.tyss.flipkart.android.baseutil.BaseTest - Clicked on Account tab
