2022-11-29 17:51:01,261 347  [main] INFO  com.tyss.flipkart.android.baseutil.BaseTest - Starting the Appium Server
2022-11-29 17:51:04,385 3471 [main] INFO  com.tyss.flipkart.android.baseutil.BaseTest - Appium Server started
2022-11-29 17:51:04,386 3472 [main] INFO  com.tyss.flipkart.android.baseutil.BaseTest - Appium Server URL: http://127.0.0.1:4723/wd/hub
2022-11-29 17:51:04,393 3479 [main] INFO  com.tyss.flipkart.android.baseutil.BaseTest - Folder creation for Extent
2022-11-29 17:51:04,400 3486 [main] INFO  com.tyss.flipkart.android.baseutil.BaseTest - ExtentDir:-C:\Users\Abhishek\Abhishek_Workspace\Flipkart_Mobile_Framework/reports/Automation Report- 11_29_2022_17_51_04
2022-11-29 17:51:04,596 3682 [main] INFO  com.tyss.flipkart.android.baseutil.BaseTest - Report Initiated
2022-11-29 17:51:04,597 3683 [main] INFO  com.tyss.flipkart.android.baseutil.BaseTest - Screenshot folder created
2022-11-29 17:52:21,263 80349 [main] INFO  com.tyss.flipkart.android.baseutil.BaseTest - Choose language Page is Displayed
2022-11-29 17:52:31,714 90800 [main] INFO  com.tyss.flipkart.android.baseutil.BaseTest - Validate English language text is clickable
2022-11-29 17:53:32,195 151281 [main] INFO  com.tyss.flipkart.android.baseutil.BaseTest - Validate English language text is displayed
2022-11-29 17:54:12,605 191691 [main] INFO  com.tyss.flipkart.android.baseutil.BaseTest - English language text is displayed
2022-11-29 17:54:42,948 222034 [main] INFO  com.tyss.flipkart.android.baseutil.BaseTest - Clicked on English language text
2022-11-29 17:54:42,953 222039 [main] INFO  com.tyss.flipkart.android.baseutil.BaseTest - Validate Continue Button is clickable
2022-11-29 17:56:13,907 312993 [main] INFO  com.tyss.flipkart.android.baseutil.BaseTest - Validate Continue Button is displayed
2022-11-29 17:57:14,513 373599 [main] INFO  com.tyss.flipkart.android.baseutil.BaseTest - Continue Button is displayed
2022-11-29 17:57:55,030 414116 [main] INFO  com.tyss.flipkart.android.baseutil.BaseTest - Clicked on Continue Button
2022-11-29 17:57:55,030 414116 [main] INFO  com.tyss.flipkart.android.baseutil.BaseTest - Validate None of the above Button is clickable
2022-11-29 17:59:26,135 505221 [main] INFO  com.tyss.flipkart.android.baseutil.BaseTest - Validate None of the above Button is displayed
2022-11-29 18:00:01,675 540761 [main] INFO  com.tyss.flipkart.android.baseutil.BaseTest - None of the above Button is displayed
2022-11-29 18:00:02,500 541586 [main] INFO  com.tyss.flipkart.android.baseutil.BaseTest - Clicked on None of the above Button
2022-11-29 18:00:03,025 542111 [main] INFO  com.tyss.flipkart.android.baseutil.BaseTest - Login Page is Displayed
2022-11-29 18:00:03,031 542117 [main] INFO  com.tyss.flipkart.android.baseutil.BaseTest - Validate Crossmark Button is clickable
2022-11-29 18:00:03,380 542466 [main] INFO  com.tyss.flipkart.android.baseutil.BaseTest - Validate Crossmark Button is displayed
2022-11-29 18:00:03,635 542721 [main] INFO  com.tyss.flipkart.android.baseutil.BaseTest - Crossmark Button is displayed
2022-11-29 18:00:03,772 542858 [main] INFO  com.tyss.flipkart.android.baseutil.BaseTest - Clicked on Crossmark Button
2022-11-29 18:01:06,006 605092 [main] INFO  com.tyss.flipkart.android.baseutil.BaseTest - Home Page is Displayed
2022-11-29 18:01:06,006 605092 [main] INFO  com.tyss.flipkart.android.baseutil.BaseTest - Validate Search for products text field is clickable
2022-11-29 18:02:37,659 696745 [main] INFO  com.tyss.flipkart.android.baseutil.BaseTest - Validate Search for products text field is displayed
2022-11-29 18:03:38,732 757818 [main] INFO  com.tyss.flipkart.android.baseutil.BaseTest - Search for products text field is displayed
2022-11-29 18:04:19,492 798578 [main] INFO  com.tyss.flipkart.android.baseutil.BaseTest - Clicked on Search for products text field
2022-11-29 18:07:33,038 992124 [main] INFO  com.tyss.flipkart.android.baseutil.BaseTest - roadster sweatshirt is entered into Search for products text field
2022-11-29 18:07:43,316 1002402 [main] INFO  com.tyss.flipkart.android.baseutil.BaseTest - Validate Sweater name text is clickable
2022-11-29 18:08:43,807 1062893 [main] INFO  com.tyss.flipkart.android.baseutil.BaseTest - Validate Sweater name text is displayed
2022-11-29 18:09:24,179 1103265 [main] INFO  com.tyss.flipkart.android.baseutil.BaseTest - Sweater name text is displayed
2022-11-29 18:09:54,505 1133591 [main] INFO  com.tyss.flipkart.android.baseutil.BaseTest - Clicked on Sweater name text
2022-11-29 18:09:54,506 1133592 [main] INFO  com.tyss.flipkart.android.baseutil.BaseTest - Validate Not now Button is clickable
2022-11-29 18:10:26,424 1165510 [main] ERROR com.tyss.flipkart.android.baseutil.BaseTest - Not now Button is not clickable
2022-11-29 18:10:26,428 1165514 [main] ERROR com.tyss.flipkart.android.baseutil.BaseTest - Unable to click on Not now Button
2022-11-29 18:10:58,161 1197247 [main] ERROR com.tyss.flipkart.android.baseutil.BaseTest - Expected condition failed: waiting for element to be clickable: Located by By.id: com.flipkart.android:id/not_now_button (tried for 30 second(s) with 500 milliseconds interval)
2022-11-29 18:11:01,635 1200721 [main] INFO  com.tyss.flipkart.android.baseutil.BaseTest - Appium server stopped
