2022-10-22 14:08:49,458 553  [main] INFO  com.trello.android.baseutil.BaseTest - Starting the Appium Server
2022-10-22 14:08:53,486 4581 [main] INFO  com.trello.android.baseutil.BaseTest - Appium Server started
2022-10-22 14:08:53,487 4582 [main] INFO  com.trello.android.baseutil.BaseTest - Appium Server URL: http://127.0.0.1:4723/wd/hub
2022-10-22 14:08:53,495 4590 [main] INFO  com.trello.android.baseutil.BaseTest - Folder creation for Extent
2022-10-22 14:08:53,504 4599 [main] INFO  com.trello.android.baseutil.BaseTest - ExtentDir:-C:\Users\Abhishek\eclipse-workspace\Mobile_Framework/reports/Automation Report- 10_22_2022_14_08_53
2022-10-22 14:08:53,766 4861 [main] INFO  com.trello.android.baseutil.BaseTest - Report Initiated
2022-10-22 14:08:53,767 4862 [main] INFO  com.trello.android.baseutil.BaseTest - Screenshot folder created
2022-10-22 14:10:13,245 84340 [main] INFO  com.trello.android.baseutil.BaseTest - Login Page is Displayed
2022-10-22 14:10:13,247 84342 [main] INFO  com.trello.android.baseutil.BaseTest - Wait for visibility of Login Button
2022-10-22 14:11:44,308 175403 [main] INFO  com.trello.android.baseutil.BaseTest - Validate Login Button is clickable
2022-10-22 14:13:15,356 266451 [main] INFO  com.trello.android.baseutil.BaseTest - Validate Login Button is displayed
2022-10-22 14:14:15,922 327017 [main] INFO  com.trello.android.baseutil.BaseTest - Login Button is displayed
2022-10-22 14:14:56,399 367494 [main] INFO  com.trello.android.baseutil.BaseTest - Clicked on Login Button
2022-10-22 14:15:06,795 377890 [main] INFO  com.trello.android.baseutil.BaseTest - Wait for visibility of Email text
2022-10-22 14:16:17,640 448735 [main] INFO  com.trello.android.baseutil.BaseTest - Validate Email text is clickable
2022-10-22 14:17:18,057 509152 [main] INFO  com.trello.android.baseutil.BaseTest - Validate Email text is displayed
2022-10-22 14:17:58,417 549512 [main] INFO  com.trello.android.baseutil.BaseTest - Email text is displayed
2022-10-22 14:18:28,827 579922 [main] INFO  com.trello.android.baseutil.BaseTest - Clicked on Email text
2022-10-22 14:18:34,322 585417 [main] INFO  com.trello.android.baseutil.BaseTest - Home Page is Displayed
2022-10-22 14:18:34,325 585420 [main] INFO  com.trello.android.baseutil.BaseTest - Wait for visibility of Keep up the Great work text
2022-10-22 14:18:46,870 597965 [main] ERROR com.trello.android.baseutil.BaseTest - Keep up the Great work text is not visible
2022-10-22 14:18:46,871 597966 [main] INFO  com.trello.android.baseutil.BaseTest - Validate Keep up the Great work text is clickable
2022-10-22 14:18:46,910 598005 [main] ERROR com.trello.android.baseutil.BaseTest - Keep up the Great work text is not clickable
2022-10-22 14:18:46,910 598005 [main] ERROR com.trello.android.baseutil.BaseTest - Unable to click on Keep up the Great work text
2022-10-22 14:18:46,961 598056 [main] ERROR com.trello.android.baseutil.BaseTest - org.openqa.selenium.WebDriverException: An unknown server-side error occurred while processing the command. Original error: 'POST /element' cannot be proxied to UiAutomator2 server because the instrumentation process is not running (probably crashed). Check the server log and/or the logcat output for more details
Build info: version: '3.141.59', revision: 'e82be7d358', time: '2018-11-14T08:17:03'
System info: host: 'TYSS-ABHISHEK', ip: '192.168.1.100', os.name: 'Windows 10', os.arch: 'amd64', os.version: '10.0', java.version: '1.8.0_201'
Driver info: io.appium.java_client.android.AndroidDriver
Capabilities {appActivity: .feature.authentication.Ver..., appPackage: com.trello, autoGrantPermissions: true, automationName: uiautomator2, databaseEnabled: false, desired: {appActivity: .feature.authentication.Ver..., appPackage: com.trello, autoGrantPermissions: true, automationName: uiautomator2, deviceName: Redmi Note 7 Pro, fullReset: false, newCommandTimeout: 10000, platformName: android}, deviceApiLevel: 29, deviceManufacturer: Xiaomi, deviceModel: Redmi Note 7 Pro, deviceName: 6c9f6803, deviceScreenDensity: 440, deviceScreenSize: 1080x2340, deviceUDID: 6c9f6803, fullReset: false, javascriptEnabled: true, locationContextEnabled: false, networkConnectionEnabled: true, newCommandTimeout: 10000, pixelRatio: 2.75, platform: LINUX, platformName: Android, platformVersion: 10, statBarHeight: 80, takesScreenshot: true, viewportRect: {height: 2051, left: 0, top: 80, width: 1080}, warnings: {}, webStorageEnabled: false}
Session ID: 7b01efe2-94a2-4609-a024-d22450520134
*** Element info: {Using=xpath, value=//android.widget.TextView[@resource-id='com.trello:id/call_to_action']}
2022-10-22 14:19:08,538 619633 [main] ERROR com.trello.android.baseutil.BaseTest - Unable to close the driver
