2022-12-01 16:05:12,777 143  [main] INFO  com.tyss.jiosavan.android.baseutil.BaseTest - Starting the Appium Server
2022-12-01 16:05:12,835 201  [main] INFO  com.tyss.jiosavan.android.baseutil.BaseTest - Appium Server started
2022-12-01 16:05:12,836 202  [main] INFO  com.tyss.jiosavan.android.baseutil.BaseTest - Appium Server URL: http://127.0.0.1:4723/wd/hub
2022-12-01 16:05:12,836 202  [main] INFO  com.tyss.jiosavan.android.baseutil.BaseTest - Launching the Emulator
2022-12-01 16:05:12,867 233  [main] INFO  com.tyss.jiosavan.android.baseutil.BaseTest - Emulator launched successfully!
2022-12-01 16:05:12,872 238  [main] INFO  com.tyss.jiosavan.android.baseutil.BaseTest - Folder creation for Extent
2022-12-01 16:05:12,873 239  [main] INFO  com.tyss.jiosavan.android.baseutil.BaseTest - ExtentDir:-C:\WorkSpace2\JioSavan_Mobile_Framework/reports/Automation Report- 12_01_2022_16_05_12
2022-12-01 16:05:12,938 304  [main] INFO  com.tyss.jiosavan.android.baseutil.BaseTest - Report Initiated
2022-12-01 16:05:12,938 304  [main] INFO  com.tyss.jiosavan.android.baseutil.BaseTest - Screenshot folder created
2022-12-01 16:05:29,130 16496 [main] INFO  com.tyss.jiosavan.android.baseutil.BaseTest - Choose language Page is Displayed
2022-12-01 16:05:29,242 16608 [main] INFO  com.tyss.jiosavan.android.baseutil.BaseTest - Wait for visibility of language text
2022-12-01 16:05:29,416 16782 [main] INFO  com.tyss.jiosavan.android.baseutil.BaseTest - Validate English language text is clickable
2022-12-01 16:05:29,452 16818 [main] INFO  com.tyss.jiosavan.android.baseutil.BaseTest - Validate English language text is displayed
2022-12-01 16:05:29,476 16842 [main] INFO  com.tyss.jiosavan.android.baseutil.BaseTest - English language text is displayed
2022-12-01 16:05:29,533 16899 [main] INFO  com.tyss.jiosavan.android.baseutil.BaseTest - Clicked on English language text
2022-12-01 16:05:29,850 17216 [main] INFO  com.tyss.jiosavan.android.baseutil.BaseTest - Wait for visibility of Next Button
2022-12-01 16:05:30,286 17652 [main] INFO  com.tyss.jiosavan.android.baseutil.BaseTest - Validate Next Button is clickable
2022-12-01 16:05:30,344 17710 [main] INFO  com.tyss.jiosavan.android.baseutil.BaseTest - Validate Next Button is displayed
2022-12-01 16:05:30,393 17759 [main] INFO  com.tyss.jiosavan.android.baseutil.BaseTest - Next Button is displayed
2022-12-01 16:05:30,450 17816 [main] INFO  com.tyss.jiosavan.android.baseutil.BaseTest - Clicked on Next Button
2022-12-01 16:05:31,508 18874 [main] INFO  com.tyss.jiosavan.android.baseutil.BaseTest - Wait for visibility of language text
2022-12-01 16:05:32,412 19778 [main] ERROR com.tyss.jiosavan.android.baseutil.BaseTest - language text is not visible
2022-12-01 16:05:32,519 19885 [main] INFO  com.tyss.jiosavan.android.baseutil.BaseTest - Validate Kannada language text is clickable
2022-12-01 16:05:32,551 19917 [main] INFO  com.tyss.jiosavan.android.baseutil.BaseTest - Validate Kannada language text is displayed
2022-12-01 16:05:32,583 19949 [main] INFO  com.tyss.jiosavan.android.baseutil.BaseTest - Kannada language text is displayed
2022-12-01 16:05:32,639 20005 [main] INFO  com.tyss.jiosavan.android.baseutil.BaseTest - Clicked on Kannada language text
2022-12-01 16:05:33,247 20613 [main] INFO  com.tyss.jiosavan.android.baseutil.BaseTest - Wait for visibility of Done Button
2022-12-01 16:05:33,603 20969 [main] INFO  com.tyss.jiosavan.android.baseutil.BaseTest - Validate Done Button is clickable
2022-12-01 16:05:33,645 21011 [main] INFO  com.tyss.jiosavan.android.baseutil.BaseTest - Validate Done Button is displayed
2022-12-01 16:05:33,674 21040 [main] INFO  com.tyss.jiosavan.android.baseutil.BaseTest - Done Button is displayed
2022-12-01 16:05:33,729 21095 [main] INFO  com.tyss.jiosavan.android.baseutil.BaseTest - Clicked on Done Button
2022-12-01 16:05:35,871 23237 [main] INFO  com.tyss.jiosavan.android.baseutil.BaseTest - Wait for visibility of Jiosavan Home
2022-12-01 16:05:42,278 29644 [main] INFO  com.tyss.jiosavan.android.baseutil.BaseTest - Jiosavan Home page is displayed
2022-12-01 16:05:42,471 29837 [main] INFO  com.tyss.jiosavan.android.baseutil.BaseTest - Wait for visibility of Search text
2022-12-01 16:05:42,754 30120 [main] INFO  com.tyss.jiosavan.android.baseutil.BaseTest - Validate Search text is clickable
2022-12-01 16:05:42,814 30180 [main] INFO  com.tyss.jiosavan.android.baseutil.BaseTest - Validate Search text is displayed
2022-12-01 16:05:42,900 30266 [main] INFO  com.tyss.jiosavan.android.baseutil.BaseTest - Search text is displayed
2022-12-01 16:05:43,000 30366 [main] INFO  com.tyss.jiosavan.android.baseutil.BaseTest - Clicked on Search text
2022-12-01 16:05:43,295 30661 [main] INFO  com.tyss.jiosavan.android.baseutil.BaseTest - Wait for visibility of Search icon
2022-12-01 16:05:46,154 33520 [main] INFO  com.tyss.jiosavan.android.baseutil.BaseTest - Validate Search icon is clickable
2022-12-01 16:05:46,188 33554 [main] INFO  com.tyss.jiosavan.android.baseutil.BaseTest - Validate Search icon is displayed
2022-12-01 16:05:46,214 33580 [main] INFO  com.tyss.jiosavan.android.baseutil.BaseTest - Search icon is displayed
2022-12-01 16:05:46,305 33671 [main] INFO  com.tyss.jiosavan.android.baseutil.BaseTest - Clicked on Search icon
2022-12-01 16:05:51,122 38488 [main] INFO  com.tyss.jiosavan.android.baseutil.BaseTest - Rajkumar is entered into Rajkumar text field
2022-12-01 16:05:53,880 41246 [main] INFO  com.tyss.jiosavan.android.baseutil.BaseTest - Wait for visibility of Dr. Rajkumar text
2022-12-01 16:05:54,089 41455 [main] INFO  com.tyss.jiosavan.android.baseutil.BaseTest - Validate Dr. Rajkumar text is clickable
2022-12-01 16:05:54,145 41511 [main] INFO  com.tyss.jiosavan.android.baseutil.BaseTest - Validate Dr. Rajkumar text is displayed
2022-12-01 16:05:54,172 41538 [main] INFO  com.tyss.jiosavan.android.baseutil.BaseTest - Dr. Rajkumar text is displayed
2022-12-01 16:05:54,243 41609 [main] INFO  com.tyss.jiosavan.android.baseutil.BaseTest - Clicked on Dr. Rajkumar text
2022-12-01 16:05:54,245 41611 [main] INFO  com.tyss.jiosavan.android.baseutil.BaseTest - Wait for visibility of like icon
2022-12-01 16:06:24,969 72335 [main] ERROR com.tyss.jiosavan.android.baseutil.BaseTest - like icon is not visible
2022-12-01 16:06:24,969 72335 [main] INFO  com.tyss.jiosavan.android.baseutil.BaseTest - Validate like icon is clickable
2022-12-01 16:06:32,879 80245 [main] INFO  com.tyss.jiosavan.android.baseutil.BaseTest - Validate like icon is displayed
2022-12-01 16:06:33,127 80493 [main] INFO  com.tyss.jiosavan.android.baseutil.BaseTest - like icon is displayed
2022-12-01 16:06:33,322 80688 [main] INFO  com.tyss.jiosavan.android.baseutil.BaseTest - Clicked on like icon
2022-12-01 16:06:34,754 82120 [main] INFO  com.tyss.jiosavan.android.baseutil.BaseTest - Wait for visibility of My Library text
2022-12-01 16:06:35,996 83362 [main] INFO  com.tyss.jiosavan.android.baseutil.BaseTest - Validate My Library text is clickable
2022-12-01 16:06:36,044 83410 [main] INFO  com.tyss.jiosavan.android.baseutil.BaseTest - Validate My Library text is displayed
2022-12-01 16:06:36,078 83444 [main] INFO  com.tyss.jiosavan.android.baseutil.BaseTest - My Library text is displayed
2022-12-01 16:06:37,218 84584 [main] INFO  com.tyss.jiosavan.android.baseutil.BaseTest - Clicked on My Library text
2022-12-01 16:06:37,410 84776 [main] INFO  com.tyss.jiosavan.android.baseutil.BaseTest - Wait for visibility of Artists text
2022-12-01 16:06:37,707 85073 [main] INFO  com.tyss.jiosavan.android.baseutil.BaseTest - Validate Artists text is clickable
2022-12-01 16:06:38,556 85922 [main] INFO  com.tyss.jiosavan.android.baseutil.BaseTest - Validate Artists text is displayed
2022-12-01 16:06:38,595 85961 [main] INFO  com.tyss.jiosavan.android.baseutil.BaseTest - Artists text is displayed
2022-12-01 16:06:38,663 86029 [main] INFO  com.tyss.jiosavan.android.baseutil.BaseTest - Clicked on Artists text
2022-12-01 16:06:39,505 86871 [main] INFO  com.tyss.jiosavan.android.baseutil.BaseTest - Artists is Displayed
2022-12-01 16:06:39,722 87088 [main] INFO  com.tyss.jiosavan.android.baseutil.BaseTest - Dr. Rajkumar is Displayed
