2022-10-24 20:55:16,521 495  [main] INFO  com.trello.android.baseutil.BaseTest - Starting the Appium Server
2022-10-24 20:55:16,843 817  [main] INFO  com.trello.android.baseutil.BaseTest - Appium Server started
2022-10-24 20:55:16,844 818  [main] INFO  com.trello.android.baseutil.BaseTest - Appium Server URL: http://127.0.0.1:4723/wd/hub
2022-10-24 20:55:16,844 818  [main] INFO  com.trello.android.baseutil.BaseTest - Launching the Emulator
2022-10-24 20:55:19,590 3564 [main] INFO  com.trello.android.baseutil.BaseTest - Emulator launched successfully!
2022-10-24 20:55:19,598 3572 [main] INFO  com.trello.android.baseutil.BaseTest - Folder creation for Extent
2022-10-24 20:55:19,605 3579 [main] INFO  com.trello.android.baseutil.BaseTest - ExtentDir:-C:\Users\Abhishek\Abhishek_Workspace\Mobile_Framework/reports/Automation Report- 10_24_2022_20_55_19
2022-10-24 20:55:19,888 3862 [main] INFO  com.trello.android.baseutil.BaseTest - Report Initiated
2022-10-24 20:55:19,890 3864 [main] INFO  com.trello.android.baseutil.BaseTest - Screenshot folder created
2022-10-24 20:55:53,286 37260 [main] INFO  com.trello.android.baseutil.BaseTest - Validate Login Button is clickable
2022-10-24 20:55:55,676 39650 [main] INFO  com.trello.android.baseutil.BaseTest - Validate Login Button is displayed
2022-10-24 20:55:56,086 40060 [main] INFO  com.trello.android.baseutil.BaseTest - Login Button is displayed
2022-10-24 20:55:56,353 40327 [main] INFO  com.trello.android.baseutil.BaseTest - Clicked on Login Button
2022-10-24 20:55:56,362 40336 [main] INFO  com.trello.android.baseutil.BaseTest - Validate Login Button is clickable
2022-10-24 20:55:57,807 41781 [main] INFO  com.trello.android.baseutil.BaseTest - Validate Login Button is displayed
2022-10-24 20:55:57,978 41952 [main] INFO  com.trello.android.baseutil.BaseTest - Login Button is displayed
2022-10-24 20:55:58,082 42056 [main] INFO  com.trello.android.baseutil.BaseTest - Clicked on Login Button
2022-10-24 20:56:03,458 47432 [main] ERROR com.trello.android.baseutil.BaseTest - An element could not be located on the page using the given search parameters.
For documentation on this error, please visit: https://www.seleniumhq.org/exceptions/no_such_element.html
Build info: version: '3.141.59', revision: 'e82be7d358', time: '2018-11-14T08:17:03'
System info: host: 'TYSS-ABHISHEK', ip: '192.168.43.178', os.name: 'Windows 10', os.arch: 'amd64', os.version: '10.0', java.version: '1.8.0_201'
Driver info: io.appium.java_client.android.AndroidDriver
Capabilities {appActivity: .feature.authentication.Ver..., appPackage: com.trello, autoGrantPermissions: true, automationName: Appium, databaseEnabled: false, desired: {appActivity: .feature.authentication.Ver..., appPackage: com.trello, autoGrantPermissions: true, automationName: Appium, deviceName: pixel4, fullReset: false, newCommandTimeout: 10000, platformName: android}, deviceApiLevel: 31, deviceManufacturer: Google, deviceModel: sdk_gphone64_x86_64, deviceName: emulator-5554, deviceScreenDensity: 560, deviceScreenSize: 1440x3040, deviceUDID: emulator-5554, fullReset: false, javascriptEnabled: true, locationContextEnabled: false, networkConnectionEnabled: true, newCommandTimeout: 10000, pixelRatio: 3.5, platform: LINUX, platformName: Android, platformVersion: 12, statBarHeight: 84, takesScreenshot: true, viewportRect: {height: 2788, left: 0, top: 84, width: 1440}, warnings: {}, webStorageEnabled: false}
Session ID: c892acb9-2105-44b6-a585-15b5d5df1712
*** Element info: {Using=xpath, value=//android.widget.TextView[contains(@text,'abhishek.m04@testyantra.com')]}
