2022-10-26 12:19:57,180 166  [main] INFO  com.trello.android.baseutil.BaseTest - Starting the Appium Server
2022-10-26 12:19:59,499 2485 [main] INFO  com.trello.android.baseutil.BaseTest - Appium Server started
2022-10-26 12:19:59,500 2486 [main] INFO  com.trello.android.baseutil.BaseTest - Appium Server URL: http://127.0.0.1:4723/wd/hub
2022-10-26 12:19:59,502 2488 [main] INFO  com.trello.android.baseutil.BaseTest - Folder creation for Extent
2022-10-26 12:19:59,506 2492 [main] INFO  com.trello.android.baseutil.BaseTest - ExtentDir:-C:\Users\Abhishek\Abhishek_Workspace\Mobile_Framework/reports/Automation Report- 10_26_2022_12_19_59
2022-10-26 12:19:59,605 2591 [main] INFO  com.trello.android.baseutil.BaseTest - Report Initiated
2022-10-26 12:19:59,606 2592 [main] INFO  com.trello.android.baseutil.BaseTest - Screenshot folder created
2022-10-26 12:20:17,679 20665 [main] INFO  com.trello.android.baseutil.BaseTest - Validate Login Button is clickable
2022-10-26 12:20:19,190 22176 [main] INFO  com.trello.android.baseutil.BaseTest - Validate Login Button is displayed
2022-10-26 12:20:19,420 22406 [main] INFO  com.trello.android.baseutil.BaseTest - Login Button is displayed
2022-10-26 12:20:19,585 22571 [main] INFO  com.trello.android.baseutil.BaseTest - Clicked on Login Button
2022-10-26 12:20:32,637 35623 [main] ERROR com.trello.android.baseutil.BaseTest - An element could not be located on the page using the given search parameters.
For documentation on this error, please visit: https://www.seleniumhq.org/exceptions/no_such_element.html
Build info: version: '3.141.59', revision: 'e82be7d358', time: '2018-11-14T08:17:03'
System info: host: 'TYSS-ABHISHEK', ip: '192.168.1.100', os.name: 'Windows 10', os.arch: 'amd64', os.version: '10.0', java.version: '1.8.0_201'
Driver info: io.appium.java_client.android.AndroidDriver
Capabilities {appActivity: .feature.authentication.Ver..., appPackage: com.trello, autoGrantPermissions: true, automationName: Appium, databaseEnabled: false, desired: {appActivity: .feature.authentication.Ver..., appPackage: com.trello, autoGrantPermissions: true, automationName: Appium, deviceName: Redmi Note 7 Pro, fullReset: false, newCommandTimeout: 10000, platformName: android}, deviceApiLevel: 29, deviceManufacturer: Xiaomi, deviceModel: Redmi Note 7 Pro, deviceName: 6c9f6803, deviceScreenDensity: 440, deviceScreenSize: 1080x2340, deviceUDID: 6c9f6803, fullReset: false, javascriptEnabled: true, locationContextEnabled: false, networkConnectionEnabled: true, newCommandTimeout: 10000, pixelRatio: 2.75, platform: LINUX, platformName: Android, platformVersion: 10, statBarHeight: 80, takesScreenshot: true, viewportRect: {height: 2051, left: 0, top: 80, width: 1080}, warnings: {}, webStorageEnabled: false}
Session ID: 6e8672b5-4a68-4b7a-9da5-a39136d2e401
*** Element info: {Using=xpath, value=//android.widget.TextView[contains(@text,'abhishek.m04@testyantra.com')]}
2022-10-26 12:20:34,505 37491 [main] INFO  com.trello.android.baseutil.BaseTest - Appium server stopped
