2022-10-23 22:37:49,210 145  [main] INFO  com.trello.android.baseutil.BaseTest - Starting the Appium Server
2022-10-23 22:37:50,349 1284 [main] INFO  com.trello.android.baseutil.BaseTest - Appium Server started
2022-10-23 22:37:50,350 1285 [main] INFO  com.trello.android.baseutil.BaseTest - Appium Server URL: http://127.0.0.1:4723/wd/hub
2022-10-23 22:37:50,352 1287 [main] INFO  com.trello.android.baseutil.BaseTest - Folder creation for Extent
2022-10-23 22:37:50,354 1289 [main] INFO  com.trello.android.baseutil.BaseTest - ExtentDir:-C:\Users\Abhishek\Abhishek_Workspace\Mobile_Framework/reports/Automation Report- 10_23_2022_22_37_50
2022-10-23 22:37:50,419 1354 [main] INFO  com.trello.android.baseutil.BaseTest - Report Initiated
2022-10-23 22:37:50,420 1355 [main] INFO  com.trello.android.baseutil.BaseTest - Screenshot folder created
2022-10-23 22:38:02,468 13403 [main] INFO  com.trello.android.baseutil.BaseTest - Validate Login Button is clickable
2022-10-23 22:38:04,096 15031 [main] INFO  com.trello.android.baseutil.BaseTest - Validate Login Button is displayed
2022-10-23 22:38:04,372 15307 [main] INFO  com.trello.android.baseutil.BaseTest - Login Button is displayed
2022-10-23 22:38:04,524 15459 [main] INFO  com.trello.android.baseutil.BaseTest - Clicked on Login Button
2022-10-23 22:38:15,454 26389 [main] ERROR com.trello.android.baseutil.BaseTest - An element could not be located on the page using the given search parameters.
For documentation on this error, please visit: https://www.seleniumhq.org/exceptions/no_such_element.html
Build info: version: '3.141.59', revision: 'e82be7d358', time: '2018-11-14T08:17:03'
System info: host: 'TYSS-ABHISHEK', ip: '192.168.1.100', os.name: 'Windows 10', os.arch: 'amd64', os.version: '10.0', java.version: '1.8.0_201'
Driver info: io.appium.java_client.android.AndroidDriver
Capabilities {appActivity: .feature.authentication.Ver..., appPackage: com.trello, autoGrantPermissions: true, automationName: Appium, databaseEnabled: false, desired: {appActivity: .feature.authentication.Ver..., appPackage: com.trello, autoGrantPermissions: true, automationName: Appium, deviceName: Redmi Note 7 Pro, fullReset: false, newCommandTimeout: 10000, platformName: android}, deviceApiLevel: 29, deviceManufacturer: Xiaomi, deviceModel: Redmi Note 7 Pro, deviceName: 6c9f6803, deviceScreenDensity: 440, deviceScreenSize: 1080x2340, deviceUDID: 6c9f6803, fullReset: false, javascriptEnabled: true, locationContextEnabled: false, networkConnectionEnabled: true, newCommandTimeout: 10000, pixelRatio: 2.75, platform: LINUX, platformName: Android, platformVersion: 10, statBarHeight: 80, takesScreenshot: true, viewportRect: {height: 2051, left: 0, top: 80, width: 1080}, warnings: {}, webStorageEnabled: false}
Session ID: a2d62a69-4531-4e83-ba56-b35ebb7194e0
*** Element info: {Using=xpath, value=//android.widget.TextView[contains(@text,'abhishek.m04@testyantra.com')]}
2022-10-23 22:38:17,474 28409 [main] INFO  com.trello.android.baseutil.BaseTest - Appium server stopped
