2022-12-29 15:57:19,441 392  [main] INFO  com.trello.baseutil.BaseTest - Folder creation for Extent
2022-12-29 15:57:19,457 408  [main] INFO  com.trello.baseutil.BaseTest - ExtentDir:-C:\Users\Abhishek\Abhishek_Workspace\Trello_Api_Framework\Trello_Api_Framework/reports/Automation Report- 12_29_2022_15_57_19
2022-12-29 15:57:19,611 562  [main] INFO  com.trello.baseutil.BaseTest - Report Initiated
2022-12-29 15:57:19,612 563  [main] INFO  com.trello.baseutil.BaseTest - Screenshot folder created
2022-12-29 15:57:24,226 5177 [main] DEBUG i.r.i.RequestSpecificationImpl$RestAssuredHttpBuilder - Parsing response as: application/json; charset=utf-8
2022-12-29 15:57:24,233 5184 [main] DEBUG i.r.i.RequestSpecificationImpl$RestAssuredHttpBuilder - Parsed data to instance of: class org.apache.http.conn.EofSensorInputStream
2022-12-29 15:57:24,488 5439 [main] INFO  com.trello.baseutil.BaseTest - Status code is: 200
2022-12-29 15:57:24,551 5502 [main] INFO  com.trello.baseutil.BaseTest - Response time is less than 2000
2022-12-29 15:57:26,755 7706 [main] DEBUG i.r.i.RequestSpecificationImpl$RestAssuredHttpBuilder - Parsing response as: application/json; charset=utf-8
2022-12-29 15:57:26,756 7707 [main] DEBUG i.r.i.RequestSpecificationImpl$RestAssuredHttpBuilder - Parsed data to instance of: class org.apache.http.conn.EofSensorInputStream
2022-12-29 15:57:26,787 7738 [main] INFO  com.trello.baseutil.BaseTest - Status code is: 200
2022-12-29 15:57:26,788 7739 [main] INFO  com.trello.baseutil.BaseTest - Content type is: application/json
2022-12-29 15:57:26,790 7741 [main] INFO  com.trello.baseutil.BaseTest - Response time is less than 2000
2022-12-29 15:57:27,757 8708 [main] DEBUG i.r.i.RequestSpecificationImpl$RestAssuredHttpBuilder - Parsing response as: application/json; charset=utf-8
2022-12-29 15:57:27,758 8709 [main] DEBUG i.r.i.RequestSpecificationImpl$RestAssuredHttpBuilder - Parsed data to instance of: class org.apache.http.conn.EofSensorInputStream
2022-12-29 15:57:27,767 8718 [main] INFO  com.trello.baseutil.BaseTest - Status code is: 200
2022-12-29 15:57:27,768 8719 [main] INFO  com.trello.baseutil.BaseTest - Content type is: application/json
2022-12-29 15:57:27,770 8721 [main] INFO  com.trello.baseutil.BaseTest - Response time is less than 2000
2022-12-29 15:57:29,385 10336 [main] DEBUG i.r.i.RequestSpecificationImpl$RestAssuredHttpBuilder - Parsing response as: application/json; charset=utf-8
2022-12-29 15:57:29,387 10338 [main] DEBUG i.r.i.RequestSpecificationImpl$RestAssuredHttpBuilder - Parsed data to instance of: class org.apache.http.conn.EofSensorInputStream
2022-12-29 15:57:29,391 10342 [main] INFO  com.trello.baseutil.BaseTest - Status code is: 200
2022-12-29 15:57:29,393 10344 [main] INFO  com.trello.baseutil.BaseTest - Response time is less than 2000
