2022-12-01 15:55:14,961 143  [main] INFO  com.tyss.jiosavan.android.baseutil.BaseTest - Starting the Appium Server
2022-12-01 15:55:15,039 221  [main] INFO  com.tyss.jiosavan.android.baseutil.BaseTest - Appium Server started
2022-12-01 15:55:15,040 222  [main] INFO  com.tyss.jiosavan.android.baseutil.BaseTest - Appium Server URL: http://127.0.0.1:4723/wd/hub
2022-12-01 15:55:15,040 222  [main] INFO  com.tyss.jiosavan.android.baseutil.BaseTest - Launching the Emulator
2022-12-01 15:55:15,073 255  [main] INFO  com.tyss.jiosavan.android.baseutil.BaseTest - Emulator launched successfully!
2022-12-01 15:55:15,076 258  [main] INFO  com.tyss.jiosavan.android.baseutil.BaseTest - Folder creation for Extent
2022-12-01 15:55:15,077 259  [main] INFO  com.tyss.jiosavan.android.baseutil.BaseTest - ExtentDir:-C:\WorkSpace2\JioSavan_Mobile_Framework/reports/Automation Report- 12_01_2022_15_55_15
2022-12-01 15:55:15,150 332  [main] INFO  com.tyss.jiosavan.android.baseutil.BaseTest - Report Initiated
2022-12-01 15:55:15,151 333  [main] INFO  com.tyss.jiosavan.android.baseutil.BaseTest - Screenshot folder created
2022-12-01 15:55:40,404 25586 [main] INFO  com.tyss.jiosavan.android.baseutil.BaseTest - Choose language Page is Displayed
2022-12-01 15:55:40,611 25793 [main] INFO  com.tyss.jiosavan.android.baseutil.BaseTest - Wait for visibility of language text
2022-12-01 15:55:40,904 26086 [main] INFO  com.tyss.jiosavan.android.baseutil.BaseTest - Validate English language text is clickable
2022-12-01 15:55:41,337 26519 [main] INFO  com.tyss.jiosavan.android.baseutil.BaseTest - Validate English language text is displayed
2022-12-01 15:55:41,375 26557 [main] INFO  com.tyss.jiosavan.android.baseutil.BaseTest - English language text is displayed
2022-12-01 15:55:41,465 26647 [main] INFO  com.tyss.jiosavan.android.baseutil.BaseTest - Clicked on English language text
2022-12-01 15:55:41,710 26892 [main] INFO  com.tyss.jiosavan.android.baseutil.BaseTest - Wait for visibility of Next Button
2022-12-01 15:55:42,322 27504 [main] INFO  com.tyss.jiosavan.android.baseutil.BaseTest - Validate Next Button is clickable
2022-12-01 15:55:42,375 27557 [main] INFO  com.tyss.jiosavan.android.baseutil.BaseTest - Validate Next Button is displayed
2022-12-01 15:55:42,418 27600 [main] INFO  com.tyss.jiosavan.android.baseutil.BaseTest - Next Button is displayed
2022-12-01 15:55:43,226 28408 [main] INFO  com.tyss.jiosavan.android.baseutil.BaseTest - Clicked on Next Button
2022-12-01 15:55:43,520 28702 [main] INFO  com.tyss.jiosavan.android.baseutil.BaseTest - Wait for visibility of language text
2022-12-01 15:55:43,641 28823 [main] INFO  com.tyss.jiosavan.android.baseutil.BaseTest - Validate Kannada language text is clickable
2022-12-01 15:55:45,084 30266 [main] ERROR com.tyss.jiosavan.android.baseutil.BaseTest - Kannada language text is not clickable
2022-12-01 15:55:45,084 30266 [main] ERROR com.tyss.jiosavan.android.baseutil.BaseTest - Unable to click on Kannada language text
2022-12-01 15:55:45,221 30403 [main] INFO  com.tyss.jiosavan.android.baseutil.BaseTest - Validate Kannada language text is clickable
2022-12-01 15:55:45,260 30442 [main] INFO  com.tyss.jiosavan.android.baseutil.BaseTest - Validate Kannada language text is displayed
2022-12-01 15:55:45,284 30466 [main] INFO  com.tyss.jiosavan.android.baseutil.BaseTest - Kannada language text is displayed
2022-12-01 15:55:45,340 30522 [main] INFO  com.tyss.jiosavan.android.baseutil.BaseTest - Clicked on Kannada language text
2022-12-01 15:55:46,384 31566 [main] INFO  com.tyss.jiosavan.android.baseutil.BaseTest - Wait for visibility of Done Button
2022-12-01 15:55:46,547 31729 [main] INFO  com.tyss.jiosavan.android.baseutil.BaseTest - Validate Done Button is clickable
2022-12-01 15:55:46,582 31764 [main] INFO  com.tyss.jiosavan.android.baseutil.BaseTest - Validate Done Button is displayed
2022-12-01 15:55:46,609 31791 [main] INFO  com.tyss.jiosavan.android.baseutil.BaseTest - Done Button is displayed
2022-12-01 15:55:46,684 31866 [main] INFO  com.tyss.jiosavan.android.baseutil.BaseTest - Clicked on Done Button
2022-12-01 15:55:48,962 34144 [main] INFO  com.tyss.jiosavan.android.baseutil.BaseTest - Wait for visibility of Jiosavan Home
2022-12-01 15:55:49,477 34659 [main] INFO  com.tyss.jiosavan.android.baseutil.BaseTest - Jiosavan Home page is displayed
2022-12-01 15:55:49,666 34848 [main] INFO  com.tyss.jiosavan.android.baseutil.BaseTest - Wait for visibility of Search text
2022-12-01 15:55:50,524 35706 [main] INFO  com.tyss.jiosavan.android.baseutil.BaseTest - Validate Search text is clickable
2022-12-01 15:55:50,561 35743 [main] INFO  com.tyss.jiosavan.android.baseutil.BaseTest - Validate Search text is displayed
2022-12-01 15:55:50,583 35765 [main] INFO  com.tyss.jiosavan.android.baseutil.BaseTest - Search text is displayed
2022-12-01 15:55:50,633 35815 [main] INFO  com.tyss.jiosavan.android.baseutil.BaseTest - Clicked on Search text
2022-12-01 15:56:02,261 47443 [main] ERROR com.tyss.jiosavan.android.baseutil.BaseTest - An element could not be located on the page using the given search parameters.
For documentation on this error, please visit: https://www.seleniumhq.org/exceptions/no_such_element.html
Build info: version: '3.141.59', revision: 'e82be7d358', time: '2018-11-14T08:17:03'
System info: host: 'TYSS-MANJAPPA', ip: '192.168.2.132', os.name: 'Windows 10', os.arch: 'amd64', os.version: '10.0', java.version: '1.8.0_202'
Driver info: io.appium.java_client.android.AndroidDriver
Capabilities {appActivity: .GoogleVoiceSearchActivity, appPackage: com.jio.media.jiobeats, autoGrantPermissions: true, automationName: UiAutomator2, databaseEnabled: false, desired: {appActivity: .GoogleVoiceSearchActivity, appPackage: com.jio.media.jiobeats, autoGrantPermissions: true, automationName: UiAutomator2, deviceName: vivo T1 5G, fullReset: false, newCommandTimeout: 10000, platformName: android}, deviceApiLevel: 31, deviceManufacturer: vivo, deviceModel: V2141, deviceName: 1594564202001W8, deviceScreenDensity: 440, deviceScreenSize: 1080x2408, deviceUDID: 1594564202001W8, fullReset: false, javascriptEnabled: true, locationContextEnabled: false, networkConnectionEnabled: true, newCommandTimeout: 10000, pixelRatio: 2.75, platform: LINUX, platformName: Android, platformVersion: 12, statBarHeight: 88, takesScreenshot: true, viewportRect: {height: 2210, left: 0, top: 88, width: 1080}, warnings: {}, webStorageEnabled: false}
Session ID: e3a06f2a-6991-47b5-aa02-1609ab958ff9
*** Element info: {Using=xpath, value=//android.widget.TextView[contains(@text,'Music')]}
