2022-11-30 11:57:59,632 465  [main] INFO  com.tyss.flipkart.android.baseutil.BaseTest - Starting the Appium Server
2022-11-30 11:57:59,846 679  [main] INFO  com.tyss.flipkart.android.baseutil.BaseTest - Appium Server started
2022-11-30 11:57:59,847 680  [main] INFO  com.tyss.flipkart.android.baseutil.BaseTest - Appium Server URL: http://127.0.0.1:4723/wd/hub
2022-11-30 11:57:59,847 680  [main] INFO  com.tyss.flipkart.android.baseutil.BaseTest - Launching the Emulator
2022-11-30 11:57:59,944 777  [main] INFO  com.tyss.flipkart.android.baseutil.BaseTest - Emulator launched successfully!
2022-11-30 11:57:59,954 787  [main] INFO  com.tyss.flipkart.android.baseutil.BaseTest - Folder creation for Extent
2022-11-30 11:57:59,960 793  [main] INFO  com.tyss.flipkart.android.baseutil.BaseTest - ExtentDir:-C:\WorkSpace2\Flipkart_Mobile_Framework\Flipkart_Mobile_Framework/reports/Automation Report- 11_30_2022_11_57_59
2022-11-30 11:58:00,205 1038 [main] INFO  com.tyss.flipkart.android.baseutil.BaseTest - Report Initiated
2022-11-30 11:58:00,206 1039 [main] INFO  com.tyss.flipkart.android.baseutil.BaseTest - Screenshot folder created
2022-11-30 11:58:21,495 22328 [main] INFO  com.tyss.flipkart.android.baseutil.BaseTest - Choose language Page is Displayed
2022-11-30 11:58:21,671 22504 [main] INFO  com.tyss.flipkart.android.baseutil.BaseTest - Validate English language text is clickable
2022-11-30 11:58:21,743 22576 [main] INFO  com.tyss.flipkart.android.baseutil.BaseTest - Validate English language text is displayed
2022-11-30 11:58:21,803 22636 [main] INFO  com.tyss.flipkart.android.baseutil.BaseTest - English language text is displayed
2022-11-30 11:58:21,899 22732 [main] INFO  com.tyss.flipkart.android.baseutil.BaseTest - Clicked on English language text
2022-11-30 11:58:21,899 22732 [main] INFO  com.tyss.flipkart.android.baseutil.BaseTest - Validate Continue Button is clickable
2022-11-30 11:58:24,775 25608 [main] INFO  com.tyss.flipkart.android.baseutil.BaseTest - Validate Continue Button is displayed
2022-11-30 11:58:25,130 25963 [main] INFO  com.tyss.flipkart.android.baseutil.BaseTest - Continue Button is displayed
2022-11-30 11:58:25,834 26667 [main] INFO  com.tyss.flipkart.android.baseutil.BaseTest - Clicked on Continue Button
2022-11-30 11:58:25,835 26668 [main] INFO  com.tyss.flipkart.android.baseutil.BaseTest - Validate None of the above Button is clickable
2022-11-30 11:58:27,999 28832 [main] INFO  com.tyss.flipkart.android.baseutil.BaseTest - Validate None of the above Button is displayed
2022-11-30 11:58:28,153 28986 [main] INFO  com.tyss.flipkart.android.baseutil.BaseTest - None of the above Button is displayed
2022-11-30 11:58:28,276 29109 [main] INFO  com.tyss.flipkart.android.baseutil.BaseTest - Clicked on None of the above Button
2022-11-30 11:58:29,612 30445 [main] INFO  com.tyss.flipkart.android.baseutil.BaseTest - Login Page is Displayed
2022-11-30 11:58:29,612 30445 [main] INFO  com.tyss.flipkart.android.baseutil.BaseTest - Validate Crossmark Button is clickable
2022-11-30 11:58:29,871 30704 [main] INFO  com.tyss.flipkart.android.baseutil.BaseTest - Validate Crossmark Button is displayed
2022-11-30 11:58:30,836 31669 [main] INFO  com.tyss.flipkart.android.baseutil.BaseTest - Crossmark Button is displayed
2022-11-30 11:58:30,977 31810 [main] INFO  com.tyss.flipkart.android.baseutil.BaseTest - Clicked on Crossmark Button
2022-11-30 11:58:34,740 35573 [main] INFO  com.tyss.flipkart.android.baseutil.BaseTest - Home Page is Displayed
2022-11-30 11:58:35,042 35875 [main] INFO  com.tyss.flipkart.android.baseutil.BaseTest - Wait for visibility of Categories tab
2022-11-30 11:58:35,359 36192 [main] INFO  com.tyss.flipkart.android.baseutil.BaseTest - Validate Categories tab is clickable
2022-11-30 11:58:35,434 36267 [main] INFO  com.tyss.flipkart.android.baseutil.BaseTest - Validate Categories tab is displayed
2022-11-30 11:58:35,501 36334 [main] INFO  com.tyss.flipkart.android.baseutil.BaseTest - Categories tab is displayed
2022-11-30 11:58:35,572 36405 [main] INFO  com.tyss.flipkart.android.baseutil.BaseTest - Clicked on Categories tab
2022-11-30 11:58:35,572 36405 [main] INFO  com.tyss.flipkart.android.baseutil.BaseTest - Wait for visibility of Search icon
2022-11-30 11:58:38,142 38975 [main] INFO  com.tyss.flipkart.android.baseutil.BaseTest - Validate Search icon is clickable
2022-11-30 11:58:38,677 39510 [main] INFO  com.tyss.flipkart.android.baseutil.BaseTest - Validate Search icon is displayed
2022-11-30 11:58:41,059 41892 [main] INFO  com.tyss.flipkart.android.baseutil.BaseTest - Search icon is displayed
2022-11-30 11:58:41,787 42620 [main] INFO  com.tyss.flipkart.android.baseutil.BaseTest - Clicked on Search icon
2022-11-30 11:58:47,485 48318 [main] INFO  com.tyss.flipkart.android.baseutil.BaseTest - Cookker is entered into Search for products text field
2022-11-30 11:58:52,705 53538 [main] ERROR com.tyss.flipkart.android.baseutil.BaseTest - An element could not be located on the page using the given search parameters.
For documentation on this error, please visit: https://www.seleniumhq.org/exceptions/no_such_element.html
Build info: version: '3.141.59', revision: 'e82be7d358', time: '2018-11-14T08:17:03'
System info: host: 'TYSS-MANJAPPA', ip: '192.168.2.132', os.name: 'Windows 10', os.arch: 'amd64', os.version: '10.0', java.version: '1.8.0_202'
Driver info: io.appium.java_client.android.AndroidDriver
Capabilities {appActivity: com.flipkart.android.activi..., appPackage: com.flipkart.android, autoGrantPermissions: true, automationName: UiAutomator2, databaseEnabled: false, desired: {appActivity: com.flipkart.android.activi..., appPackage: com.flipkart.android, autoGrantPermissions: true, automationName: UiAutomator2, deviceName: vivo T1 5G, fullReset: false, newCommandTimeout: 10000, platformName: android}, deviceApiLevel: 31, deviceManufacturer: vivo, deviceModel: V2141, deviceName: 1594564202001W8, deviceScreenDensity: 440, deviceScreenSize: 1080x2408, deviceUDID: 1594564202001W8, fullReset: false, javascriptEnabled: true, locationContextEnabled: false, networkConnectionEnabled: true, newCommandTimeout: 10000, pixelRatio: 2.75, platform: LINUX, platformName: Android, platformVersion: 12, statBarHeight: 88, takesScreenshot: true, viewportRect: {height: 2210, left: 0, top: 88, width: 1080}, warnings: {}, webStorageEnabled: false}
Session ID: 27fa3d8c-fd10-4f2c-9fa6-33b6d1d4277b
*** Element info: {Using=xpath, value=//android.widget.TextView[@text='cooker']}
