2022-12-01 11:46:22,174 159  [main] INFO  com.tyss.jiosavan.android.baseutil.BaseTest - Starting the Appium Server
2022-12-01 11:46:22,291 276  [main] INFO  com.tyss.jiosavan.android.baseutil.BaseTest - Appium Server started
2022-12-01 11:46:22,291 276  [main] INFO  com.tyss.jiosavan.android.baseutil.BaseTest - Appium Server URL: http://127.0.0.1:4723/wd/hub
2022-12-01 11:46:22,291 276  [main] INFO  com.tyss.jiosavan.android.baseutil.BaseTest - Launching the Emulator
2022-12-01 11:46:22,335 320  [main] INFO  com.tyss.jiosavan.android.baseutil.BaseTest - Emulator launched successfully!
2022-12-01 11:46:22,339 324  [main] INFO  com.tyss.jiosavan.android.baseutil.BaseTest - Folder creation for Extent
2022-12-01 11:46:22,340 325  [main] INFO  com.tyss.jiosavan.android.baseutil.BaseTest - ExtentDir:-C:\WorkSpace2\JioSavan_Mobile_Framework/reports/Automation Report- 12_01_2022_11_46_22
2022-12-01 11:46:22,434 419  [main] INFO  com.tyss.jiosavan.android.baseutil.BaseTest - Report Initiated
2022-12-01 11:46:22,434 419  [main] INFO  com.tyss.jiosavan.android.baseutil.BaseTest - Screenshot folder created
2022-12-01 11:46:49,017 27002 [main] INFO  com.tyss.jiosavan.android.baseutil.BaseTest - Choose language Page is Displayed
2022-12-01 11:46:49,115 27100 [main] INFO  com.tyss.jiosavan.android.baseutil.BaseTest - Wait for visibility of language text
2022-12-01 11:46:49,266 27251 [main] INFO  com.tyss.jiosavan.android.baseutil.BaseTest - Validate English language text is clickable
2022-12-01 11:46:49,306 27291 [main] INFO  com.tyss.jiosavan.android.baseutil.BaseTest - Validate English language text is displayed
2022-12-01 11:46:49,331 27316 [main] INFO  com.tyss.jiosavan.android.baseutil.BaseTest - English language text is displayed
2022-12-01 11:46:49,387 27372 [main] INFO  com.tyss.jiosavan.android.baseutil.BaseTest - Clicked on English language text
2022-12-01 11:46:49,524 27509 [main] INFO  com.tyss.jiosavan.android.baseutil.BaseTest - Wait for visibility of Next Button
2022-12-01 11:46:50,303 28288 [main] INFO  com.tyss.jiosavan.android.baseutil.BaseTest - Validate Next Button is clickable
2022-12-01 11:46:50,349 28334 [main] INFO  com.tyss.jiosavan.android.baseutil.BaseTest - Validate Next Button is displayed
2022-12-01 11:46:50,383 28368 [main] INFO  com.tyss.jiosavan.android.baseutil.BaseTest - Next Button is displayed
2022-12-01 11:46:50,970 28955 [main] INFO  com.tyss.jiosavan.android.baseutil.BaseTest - Clicked on Next Button
2022-12-01 11:46:51,479 29464 [main] INFO  com.tyss.jiosavan.android.baseutil.BaseTest - Wait for visibility of language text
2022-12-01 11:46:52,431 30416 [main] ERROR com.tyss.jiosavan.android.baseutil.BaseTest - language text is not visible
2022-12-01 11:46:52,509 30494 [main] INFO  com.tyss.jiosavan.android.baseutil.BaseTest - Validate Kannada language text is clickable
2022-12-01 11:46:52,547 30532 [main] INFO  com.tyss.jiosavan.android.baseutil.BaseTest - Validate Kannada language text is displayed
2022-12-01 11:46:52,572 30557 [main] INFO  com.tyss.jiosavan.android.baseutil.BaseTest - Kannada language text is displayed
2022-12-01 11:46:52,632 30617 [main] INFO  com.tyss.jiosavan.android.baseutil.BaseTest - Clicked on Kannada language text
2022-12-01 11:46:53,207 31192 [main] INFO  com.tyss.jiosavan.android.baseutil.BaseTest - Wait for visibility of Done Button
2022-12-01 11:46:53,543 31528 [main] INFO  com.tyss.jiosavan.android.baseutil.BaseTest - Validate Done Button is clickable
2022-12-01 11:46:53,593 31578 [main] INFO  com.tyss.jiosavan.android.baseutil.BaseTest - Validate Done Button is displayed
2022-12-01 11:46:53,622 31607 [main] INFO  com.tyss.jiosavan.android.baseutil.BaseTest - Done Button is displayed
2022-12-01 11:46:53,686 31671 [main] INFO  com.tyss.jiosavan.android.baseutil.BaseTest - Clicked on Done Button
2022-12-01 11:46:55,886 33871 [main] INFO  com.tyss.jiosavan.android.baseutil.BaseTest - Wait for visibility of Jiosavan Home
2022-12-01 11:46:57,502 35487 [main] INFO  com.tyss.jiosavan.android.baseutil.BaseTest - Jiosavan Home page is displayed
