2022-11-04 23:00:32,489 625  [main] INFO  com.trello.android.baseutil.BaseTest - Starting the Appium Server
2022-11-04 23:00:32,735 871  [main] INFO  com.trello.android.baseutil.BaseTest - Appium Server started
2022-11-04 23:00:32,735 871  [main] INFO  com.trello.android.baseutil.BaseTest - Appium Server URL: http://127.0.0.1:4723/wd/hub
2022-11-04 23:00:32,736 872  [main] INFO  com.trello.android.baseutil.BaseTest - Launching the Emulator
2022-11-04 23:00:37,568 5704 [main] INFO  com.trello.android.baseutil.BaseTest - Emulator launched successfully!
2022-11-04 23:00:37,576 5712 [main] INFO  com.trello.android.baseutil.BaseTest - Folder creation for Extent
2022-11-04 23:00:37,585 5721 [main] INFO  com.trello.android.baseutil.BaseTest - ExtentDir:-C:\Users\Abhishek\Abhishek_Workspace\Mobile_Framework/reports/Automation Report- 11_04_2022_23_00_37
2022-11-04 23:00:37,796 5932 [main] INFO  com.trello.android.baseutil.BaseTest - Report Initiated
2022-11-04 23:00:37,797 5933 [main] INFO  com.trello.android.baseutil.BaseTest - Screenshot folder created
2022-11-04 23:00:57,220 25356 [main] INFO  com.trello.android.baseutil.BaseTest - Validate Login Button is clickable
2022-11-04 23:00:57,904 26040 [main] INFO  com.trello.android.baseutil.BaseTest - Validate Login Button is displayed
2022-11-04 23:00:58,175 26311 [main] INFO  com.trello.android.baseutil.BaseTest - Login Button is displayed
2022-11-04 23:00:58,395 26531 [main] INFO  com.trello.android.baseutil.BaseTest - Clicked on Login Button
2022-11-04 23:00:58,408 26544 [main] INFO  com.trello.android.baseutil.BaseTest - Validate Sign in with email Button is clickable
2022-11-04 23:01:00,273 28409 [main] INFO  com.trello.android.baseutil.BaseTest - Validate Sign in with email Button is displayed
2022-11-04 23:01:00,482 28618 [main] INFO  com.trello.android.baseutil.BaseTest - Sign in with email Button is displayed
2022-11-04 23:01:00,606 28742 [main] INFO  com.trello.android.baseutil.BaseTest - Clicked on Sign in with email Button
2022-11-04 23:01:00,609 28745 [main] INFO  com.trello.android.baseutil.BaseTest - Validate Browser icon is clickable
2022-11-04 23:01:03,979 32115 [main] INFO  com.trello.android.baseutil.BaseTest - Validate Browser icon is displayed
2022-11-04 23:01:04,347 32483 [main] INFO  com.trello.android.baseutil.BaseTest - Browser icon is displayed
2022-11-04 23:01:04,536 32672 [main] INFO  com.trello.android.baseutil.BaseTest - Clicked on Browser icon
2022-11-04 23:01:14,749 42885 [main] INFO  com.trello.android.baseutil.BaseTest - Wait for visibility of Email text
2022-11-04 23:01:15,009 43145 [main] INFO  com.trello.android.baseutil.BaseTest - Validate Email text is clickable
2022-11-04 23:01:15,090 43226 [main] INFO  com.trello.android.baseutil.BaseTest - Validate Email text is displayed
2022-11-04 23:01:15,161 43297 [main] INFO  com.trello.android.baseutil.BaseTest - Email text is displayed
2022-11-04 23:01:15,235 43371 [main] INFO  com.trello.android.baseutil.BaseTest - Clicked on Email text
2022-11-04 23:01:50,075 78211 [main] ERROR com.trello.android.baseutil.BaseTest - Expected condition failed: waiting for visibility of Located by By.chained({By.xpath: //android.widget.TextView[@text='Boards']}) (tried for 30 second(s) with 500 milliseconds interval)
