2022-12-30 10:14:37,640 370  [main] INFO  com.trello.baseutil.BaseTest - Folder creation for Extent
2022-12-30 10:14:37,650 380  [main] INFO  com.trello.baseutil.BaseTest - ExtentDir:-C:\Users\Abhishek\Abhishek_Workspace\Trello_Api_Framework\Trello_Api_Framework/reports/Automation Report- 12_30_2022_10_14_37
2022-12-30 10:14:37,788 518  [main] INFO  com.trello.baseutil.BaseTest - Report Initiated
2022-12-30 10:14:37,789 519  [main] INFO  com.trello.baseutil.BaseTest - Screenshot folder created
2022-12-30 10:14:43,391 6121 [main] DEBUG i.r.i.RequestSpecificationImpl$RestAssuredHttpBuilder - Parsing response as: application/json; charset=utf-8
2022-12-30 10:14:43,398 6128 [main] DEBUG i.r.i.RequestSpecificationImpl$RestAssuredHttpBuilder - Parsed data to instance of: class org.apache.http.conn.EofSensorInputStream
2022-12-30 10:14:43,655 6385 [main] INFO  com.trello.baseutil.BaseTest - Status code is: 200
2022-12-30 10:14:43,662 6392 [main] INFO  com.trello.baseutil.BaseTest - Content type is: application/json
2022-12-30 10:14:43,712 6442 [main] INFO  com.trello.baseutil.BaseTest - Response time is less than: 2000
2022-12-30 10:14:43,712 6442 [main] INFO  com.trello.baseutil.BaseTest - Response time is less than 2000
2022-12-30 10:14:45,888 8618 [main] DEBUG i.r.i.RequestSpecificationImpl$RestAssuredHttpBuilder - Parsing response as: application/json; charset=utf-8
2022-12-30 10:14:45,889 8619 [main] DEBUG i.r.i.RequestSpecificationImpl$RestAssuredHttpBuilder - Parsed data to instance of: class org.apache.http.conn.EofSensorInputStream
2022-12-30 10:14:45,895 8625 [main] INFO  com.trello.baseutil.BaseTest - Status code is: 200
2022-12-30 10:14:45,896 8626 [main] INFO  com.trello.baseutil.BaseTest - Content type is: application/json
2022-12-30 10:14:45,899 8629 [main] INFO  com.trello.baseutil.BaseTest - Response time is less than: 2000
2022-12-30 10:14:45,899 8629 [main] INFO  com.trello.baseutil.BaseTest - Response time is less than 2000
2022-12-30 10:14:46,989 9719 [main] DEBUG i.r.i.RequestSpecificationImpl$RestAssuredHttpBuilder - Parsing response as: application/json; charset=utf-8
2022-12-30 10:14:46,989 9719 [main] DEBUG i.r.i.RequestSpecificationImpl$RestAssuredHttpBuilder - Parsed data to instance of: class org.apache.http.conn.EofSensorInputStream
2022-12-30 10:14:46,995 9725 [main] INFO  com.trello.baseutil.BaseTest - Status code is: 200
2022-12-30 10:14:46,996 9726 [main] INFO  com.trello.baseutil.BaseTest - Content type is: application/json
2022-12-30 10:14:46,998 9728 [main] INFO  com.trello.baseutil.BaseTest - Response time is less than: 2000
2022-12-30 10:14:46,999 9729 [main] INFO  com.trello.baseutil.BaseTest - Response time is less than 2000
2022-12-30 10:14:48,567 11297 [main] DEBUG i.r.i.RequestSpecificationImpl$RestAssuredHttpBuilder - Parsing response as: application/json; charset=utf-8
2022-12-30 10:14:48,569 11299 [main] DEBUG i.r.i.RequestSpecificationImpl$RestAssuredHttpBuilder - Parsed data to instance of: class org.apache.http.conn.EofSensorInputStream
2022-12-30 10:14:48,575 11305 [main] INFO  com.trello.baseutil.BaseTest - Status code is: 200
2022-12-30 10:14:48,576 11306 [main] INFO  com.trello.baseutil.BaseTest - Content type is: application/json
2022-12-30 10:14:48,580 11310 [main] INFO  com.trello.baseutil.BaseTest - Response time is less than: 2000
2022-12-30 10:14:48,581 11311 [main] INFO  com.trello.baseutil.BaseTest - Response time is less than 2000
