2022-11-29 17:36:52,304 445  [main] INFO  com.tyss.flipkart.android.baseutil.BaseTest - Starting the Appium Server
2022-11-29 17:36:52,553 694  [main] INFO  com.tyss.flipkart.android.baseutil.BaseTest - Appium Server started
2022-11-29 17:36:52,553 694  [main] INFO  com.tyss.flipkart.android.baseutil.BaseTest - Appium Server URL: http://127.0.0.1:4723/wd/hub
2022-11-29 17:36:52,562 703  [main] INFO  com.tyss.flipkart.android.baseutil.BaseTest - Folder creation for Extent
2022-11-29 17:36:52,571 712  [main] INFO  com.tyss.flipkart.android.baseutil.BaseTest - ExtentDir:-C:\Users\Abhishek\Abhishek_Workspace\Flipkart_Mobile_Framework/reports/Automation Report- 11_29_2022_17_36_52
2022-11-29 17:36:52,857 998  [main] INFO  com.tyss.flipkart.android.baseutil.BaseTest - Report Initiated
2022-11-29 17:36:52,859 1000 [main] INFO  com.tyss.flipkart.android.baseutil.BaseTest - Screenshot folder created
2022-11-29 17:38:12,285 80426 [main] INFO  com.tyss.flipkart.android.baseutil.BaseTest - Choose language Page is Displayed
2022-11-29 17:38:22,792 90933 [main] INFO  com.tyss.flipkart.android.baseutil.BaseTest - Validate English language text is clickable
2022-11-29 17:39:23,300 151441 [main] INFO  com.tyss.flipkart.android.baseutil.BaseTest - Validate English language text is displayed
2022-11-29 17:40:03,590 191731 [main] INFO  com.tyss.flipkart.android.baseutil.BaseTest - English language text is displayed
2022-11-29 17:40:33,960 222101 [main] INFO  com.tyss.flipkart.android.baseutil.BaseTest - Clicked on English language text
2022-11-29 17:40:33,961 222102 [main] INFO  com.tyss.flipkart.android.baseutil.BaseTest - Validate Continue Button is clickable
2022-11-29 17:42:05,153 313294 [main] INFO  com.tyss.flipkart.android.baseutil.BaseTest - Validate Continue Button is displayed
2022-11-29 17:43:05,855 373996 [main] INFO  com.tyss.flipkart.android.baseutil.BaseTest - Continue Button is displayed
2022-11-29 17:43:46,357 414498 [main] INFO  com.tyss.flipkart.android.baseutil.BaseTest - Clicked on Continue Button
2022-11-29 17:43:46,359 414500 [main] INFO  com.tyss.flipkart.android.baseutil.BaseTest - Validate None of the above Button is clickable
2022-11-29 17:44:11,774 439915 [main] INFO  com.tyss.flipkart.android.baseutil.BaseTest - Validate None of the above Button is displayed
2022-11-29 17:44:11,958 440099 [main] INFO  com.tyss.flipkart.android.baseutil.BaseTest - None of the above Button is displayed
2022-11-29 17:44:12,115 440256 [main] INFO  com.tyss.flipkart.android.baseutil.BaseTest - Clicked on None of the above Button
2022-11-29 17:44:13,053 441194 [main] INFO  com.tyss.flipkart.android.baseutil.BaseTest - Login Page is Displayed
2022-11-29 17:44:13,054 441195 [main] INFO  com.tyss.flipkart.android.baseutil.BaseTest - Validate Crossmark Button is clickable
2022-11-29 17:44:13,337 441478 [main] INFO  com.tyss.flipkart.android.baseutil.BaseTest - Validate Crossmark Button is displayed
2022-11-29 17:44:13,550 441691 [main] INFO  com.tyss.flipkart.android.baseutil.BaseTest - Crossmark Button is displayed
2022-11-29 17:44:13,698 441839 [main] INFO  com.tyss.flipkart.android.baseutil.BaseTest - Clicked on Crossmark Button
2022-11-29 17:45:15,658 503799 [main] INFO  com.tyss.flipkart.android.baseutil.BaseTest - Home Page is Displayed
2022-11-29 17:45:15,659 503800 [main] INFO  com.tyss.flipkart.android.baseutil.BaseTest - Validate Search for products text field is clickable
2022-11-29 17:46:47,001 595142 [main] INFO  com.tyss.flipkart.android.baseutil.BaseTest - Validate Search for products text field is displayed
2022-11-29 17:47:47,975 656116 [main] INFO  com.tyss.flipkart.android.baseutil.BaseTest - Search for products text field is displayed
2022-11-29 17:48:28,605 696746 [main] INFO  com.tyss.flipkart.android.baseutil.BaseTest - Clicked on Search for products text field
2022-11-29 17:48:32,542 700683 [main] INFO  com.tyss.flipkart.android.baseutil.BaseTest - Keyboard is hidden
2022-11-29 17:48:32,542 700683 [main] INFO  com.tyss.flipkart.android.baseutil.BaseTest - Checking for the visibility of element Laptop text
2022-11-29 17:48:43,166 711307 [main] ERROR com.tyss.flipkart.android.baseutil.BaseTest - Laptop text is not visible
2022-11-29 17:48:45,649 713790 [main] INFO  com.tyss.flipkart.android.baseutil.BaseTest - Checking for the visibility of element Laptop text
2022-11-29 17:48:56,230 724371 [main] ERROR com.tyss.flipkart.android.baseutil.BaseTest - Laptop text is not visible
2022-11-29 17:48:58,633 726774 [main] INFO  com.tyss.flipkart.android.baseutil.BaseTest - Checking for the visibility of element Laptop text
2022-11-29 17:49:09,113 737254 [main] ERROR com.tyss.flipkart.android.baseutil.BaseTest - Laptop text is not visible
2022-11-29 17:49:11,462 739603 [main] INFO  com.tyss.flipkart.android.baseutil.BaseTest - Checking for the visibility of element Laptop text
2022-11-29 17:49:21,936 750077 [main] ERROR com.tyss.flipkart.android.baseutil.BaseTest - Laptop text is not visible
2022-11-29 17:49:24,305 752446 [main] INFO  com.tyss.flipkart.android.baseutil.BaseTest - Checking for the visibility of element Laptop text
2022-11-29 17:49:34,643 762784 [main] ERROR com.tyss.flipkart.android.baseutil.BaseTest - Laptop text is not visible
2022-11-29 17:49:40,019 768160 [main] INFO  com.tyss.flipkart.android.baseutil.BaseTest - Appium server stopped
