2022-11-04 22:55:04,659 325  [main] INFO  com.trello.android.baseutil.BaseTest - Starting the Appium Server
2022-11-04 22:55:04,835 501  [main] INFO  com.trello.android.baseutil.BaseTest - Appium Server started
2022-11-04 22:55:04,836 502  [main] INFO  com.trello.android.baseutil.BaseTest - Appium Server URL: http://127.0.0.1:4723/wd/hub
2022-11-04 22:55:04,837 503  [main] INFO  com.trello.android.baseutil.BaseTest - Launching the Emulator
2022-11-04 22:55:10,165 5831 [main] INFO  com.trello.android.baseutil.BaseTest - Emulator launched successfully!
2022-11-04 22:55:10,172 5838 [main] INFO  com.trello.android.baseutil.BaseTest - Folder creation for Extent
2022-11-04 22:55:10,179 5845 [main] INFO  com.trello.android.baseutil.BaseTest - ExtentDir:-C:\Users\Abhishek\Abhishek_Workspace\Mobile_Framework/reports/Automation Report- 11_04_2022_22_55_10
2022-11-04 22:55:10,417 6083 [main] INFO  com.trello.android.baseutil.BaseTest - Report Initiated
2022-11-04 22:55:10,419 6085 [main] INFO  com.trello.android.baseutil.BaseTest - Screenshot folder created
2022-11-04 22:55:36,455 32121 [main] INFO  com.trello.android.baseutil.BaseTest - Validate Login Button is clickable
2022-11-04 22:55:37,107 32773 [main] INFO  com.trello.android.baseutil.BaseTest - Validate Login Button is displayed
2022-11-04 22:55:37,342 33008 [main] INFO  com.trello.android.baseutil.BaseTest - Login Button is displayed
2022-11-04 22:55:37,528 33194 [main] INFO  com.trello.android.baseutil.BaseTest - Clicked on Login Button
2022-11-04 22:55:37,542 33208 [main] INFO  com.trello.android.baseutil.BaseTest - Validate Sign in with email Button is clickable
2022-11-04 22:55:39,189 34855 [main] INFO  com.trello.android.baseutil.BaseTest - Validate Sign in with email Button is displayed
2022-11-04 22:55:39,352 35018 [main] INFO  com.trello.android.baseutil.BaseTest - Sign in with email Button is displayed
2022-11-04 22:55:39,524 35190 [main] INFO  com.trello.android.baseutil.BaseTest - Clicked on Sign in with email Button
2022-11-04 22:55:39,526 35192 [main] INFO  com.trello.android.baseutil.BaseTest - Validate Browser icon is clickable
2022-11-04 22:55:43,365 39031 [main] INFO  com.trello.android.baseutil.BaseTest - Validate Browser icon is displayed
2022-11-04 22:55:43,678 39344 [main] INFO  com.trello.android.baseutil.BaseTest - Browser icon is displayed
2022-11-04 22:55:43,863 39529 [main] INFO  com.trello.android.baseutil.BaseTest - Clicked on Browser icon
2022-11-04 22:55:50,139 45805 [main] ERROR com.trello.android.baseutil.BaseTest - An element could not be located on the page using the given search parameters.
For documentation on this error, please visit: https://www.seleniumhq.org/exceptions/no_such_element.html
Build info: version: '3.141.59', revision: 'e82be7d358', time: '2018-11-14T08:17:03'
System info: host: 'TYSS-ABHISHEK', ip: '192.168.43.178', os.name: 'Windows 10', os.arch: 'amd64', os.version: '10.0', java.version: '1.8.0_201'
Driver info: io.appium.java_client.android.AndroidDriver
Capabilities {appActivity: .feature.authentication.Ver..., appPackage: com.trello, autoGrantPermissions: true, automationName: Appium, databaseEnabled: false, desired: {appActivity: .feature.authentication.Ver..., appPackage: com.trello, autoGrantPermissions: true, automationName: Appium, deviceName: Nexus5, fullReset: false, newCommandTimeout: 10000, platformName: android}, deviceApiLevel: 28, deviceManufacturer: Google, deviceModel: AOSP on IA Emulator, deviceName: emulator-5554, deviceScreenDensity: 480, deviceScreenSize: 1080x1920, deviceUDID: emulator-5554, fullReset: false, javascriptEnabled: true, locationContextEnabled: false, networkConnectionEnabled: true, newCommandTimeout: 10000, pixelRatio: 3, platform: LINUX, platformName: Android, platformVersion: 9, statBarHeight: 72, takesScreenshot: true, viewportRect: {height: 1704, left: 0, top: 72, width: 1080}, warnings: {}, webStorageEnabled: false}
Session ID: 5c3fb10a-88d1-4cd3-9611-502f79e36df2
*** Element info: {Using=xpath, value=//android.widget.TextView[contains(@text,'abhishek')] or //android.view.View[contains(@text,'abhishek')]}
