2022-11-30 15:39:08,709 360  [main] INFO  com.tyss.flipkart.android.baseutil.BaseTest - Starting the Appium Server
2022-11-30 15:39:08,863 514  [main] INFO  com.tyss.flipkart.android.baseutil.BaseTest - Appium Server started
2022-11-30 15:39:08,864 515  [main] INFO  com.tyss.flipkart.android.baseutil.BaseTest - Appium Server URL: http://127.0.0.1:4723/wd/hub
2022-11-30 15:39:08,865 516  [main] INFO  com.tyss.flipkart.android.baseutil.BaseTest - Launching the Emulator
2022-11-30 15:39:08,945 596  [main] INFO  com.tyss.flipkart.android.baseutil.BaseTest - Emulator launched successfully!
2022-11-30 15:39:08,974 625  [main] INFO  com.tyss.flipkart.android.baseutil.BaseTest - Folder creation for Extent
2022-11-30 15:39:08,976 627  [main] INFO  com.tyss.flipkart.android.baseutil.BaseTest - ExtentDir:-C:\WorkSpace2\Flipkart_Mobile_Framework\Flipkart_Mobile_Framework/reports/Automation Report- 11_30_2022_15_39_08
2022-11-30 15:39:09,158 809  [main] INFO  com.tyss.flipkart.android.baseutil.BaseTest - Report Initiated
2022-11-30 15:39:09,159 810  [main] INFO  com.tyss.flipkart.android.baseutil.BaseTest - Screenshot folder created
2022-11-30 15:39:28,382 20033 [main] INFO  com.tyss.flipkart.android.baseutil.BaseTest - Choose language Page is Displayed
2022-11-30 15:39:29,078 20729 [main] INFO  com.tyss.flipkart.android.baseutil.BaseTest - Validate English language text is clickable
2022-11-30 15:39:29,418 21069 [main] INFO  com.tyss.flipkart.android.baseutil.BaseTest - Validate English language text is displayed
2022-11-30 15:39:29,467 21118 [main] INFO  com.tyss.flipkart.android.baseutil.BaseTest - English language text is displayed
2022-11-30 15:39:29,534 21185 [main] INFO  com.tyss.flipkart.android.baseutil.BaseTest - Clicked on English language text
2022-11-30 15:39:29,535 21186 [main] INFO  com.tyss.flipkart.android.baseutil.BaseTest - Validate Continue Button is clickable
2022-11-30 15:39:31,311 22962 [main] INFO  com.tyss.flipkart.android.baseutil.BaseTest - Validate Continue Button is displayed
2022-11-30 15:39:31,669 23320 [main] INFO  com.tyss.flipkart.android.baseutil.BaseTest - Continue Button is displayed
2022-11-30 15:39:32,398 24049 [main] INFO  com.tyss.flipkart.android.baseutil.BaseTest - Clicked on Continue Button
2022-11-30 15:39:32,399 24050 [main] INFO  com.tyss.flipkart.android.baseutil.BaseTest - Validate None of the above Button is clickable
2022-11-30 15:39:34,993 26644 [main] INFO  com.tyss.flipkart.android.baseutil.BaseTest - Validate None of the above Button is displayed
2022-11-30 15:39:35,143 26794 [main] INFO  com.tyss.flipkart.android.baseutil.BaseTest - None of the above Button is displayed
2022-11-30 15:39:35,290 26941 [main] INFO  com.tyss.flipkart.android.baseutil.BaseTest - Clicked on None of the above Button
2022-11-30 15:39:36,468 28119 [main] INFO  com.tyss.flipkart.android.baseutil.BaseTest - Login Page is Displayed
2022-11-30 15:39:36,469 28120 [main] INFO  com.tyss.flipkart.android.baseutil.BaseTest - Validate Crossmark Button is clickable
2022-11-30 15:39:36,694 28345 [main] INFO  com.tyss.flipkart.android.baseutil.BaseTest - Validate Crossmark Button is displayed
2022-11-30 15:39:36,823 28474 [main] INFO  com.tyss.flipkart.android.baseutil.BaseTest - Crossmark Button is displayed
2022-11-30 15:39:37,462 29113 [main] INFO  com.tyss.flipkart.android.baseutil.BaseTest - Clicked on Crossmark Button
2022-11-30 15:39:41,256 32907 [main] INFO  com.tyss.flipkart.android.baseutil.BaseTest - Home Page is Displayed
2022-11-30 15:39:41,644 33295 [main] INFO  com.tyss.flipkart.android.baseutil.BaseTest - Wait for visibility of Categories tab
2022-11-30 15:39:42,050 33701 [main] INFO  com.tyss.flipkart.android.baseutil.BaseTest - Validate Categories tab is clickable
2022-11-30 15:39:42,114 33765 [main] INFO  com.tyss.flipkart.android.baseutil.BaseTest - Validate Categories tab is displayed
2022-11-30 15:39:42,175 33826 [main] INFO  com.tyss.flipkart.android.baseutil.BaseTest - Categories tab is displayed
2022-11-30 15:39:42,240 33891 [main] INFO  com.tyss.flipkart.android.baseutil.BaseTest - Clicked on Categories tab
2022-11-30 15:39:42,241 33892 [main] INFO  com.tyss.flipkart.android.baseutil.BaseTest - Wait for visibility of Search icon
2022-11-30 15:39:44,970 36621 [main] INFO  com.tyss.flipkart.android.baseutil.BaseTest - Validate Search icon is clickable
2022-11-30 15:39:45,783 37434 [main] INFO  com.tyss.flipkart.android.baseutil.BaseTest - Validate Search icon is displayed
2022-11-30 15:39:46,713 38364 [main] INFO  com.tyss.flipkart.android.baseutil.BaseTest - Search icon is displayed
2022-11-30 15:39:46,988 38639 [main] INFO  com.tyss.flipkart.android.baseutil.BaseTest - Clicked on Search icon
2022-11-30 15:39:53,003 44654 [main] INFO  com.tyss.flipkart.android.baseutil.BaseTest - Cookker is entered into Search for products text field
2022-11-30 15:39:55,650 47301 [main] INFO  com.tyss.flipkart.android.baseutil.BaseTest - Wait for visibility of pressure cooker tab
2022-11-30 15:39:55,941 47592 [main] INFO  com.tyss.flipkart.android.baseutil.BaseTest - Validate pressure cooker tab is clickable
2022-11-30 15:39:56,023 47674 [main] INFO  com.tyss.flipkart.android.baseutil.BaseTest - Validate pressure cooker tab is displayed
2022-11-30 15:39:56,083 47734 [main] INFO  com.tyss.flipkart.android.baseutil.BaseTest - pressure cooker tab is displayed
2022-11-30 15:39:56,175 47826 [main] INFO  com.tyss.flipkart.android.baseutil.BaseTest - Clicked on pressure cooker tab
2022-11-30 15:40:01,583 53234 [main] ERROR com.tyss.flipkart.android.baseutil.BaseTest - An element could not be located on the page using the given search parameters.
For documentation on this error, please visit: https://www.seleniumhq.org/exceptions/no_such_element.html
Build info: version: '3.141.59', revision: 'e82be7d358', time: '2018-11-14T08:17:03'
System info: host: 'TYSS-MANJAPPA', ip: '192.168.2.132', os.name: 'Windows 10', os.arch: 'amd64', os.version: '10.0', java.version: '1.8.0_202'
Driver info: io.appium.java_client.android.AndroidDriver
Capabilities {appActivity: com.flipkart.android.activi..., appPackage: com.flipkart.android, autoGrantPermissions: true, automationName: UiAutomator2, databaseEnabled: false, desired: {appActivity: com.flipkart.android.activi..., appPackage: com.flipkart.android, autoGrantPermissions: true, automationName: UiAutomator2, deviceName: vivo T1 5G, fullReset: false, newCommandTimeout: 10000, platformName: android}, deviceApiLevel: 31, deviceManufacturer: vivo, deviceModel: V2141, deviceName: 1594564202001W8, deviceScreenDensity: 440, deviceScreenSize: 1080x2408, deviceUDID: 1594564202001W8, fullReset: false, javascriptEnabled: true, locationContextEnabled: false, networkConnectionEnabled: true, newCommandTimeout: 10000, pixelRatio: 2.75, platform: LINUX, platformName: Android, platformVersion: 12, statBarHeight: 88, takesScreenshot: true, viewportRect: {height: 2210, left: 0, top: 88, width: 1080}, warnings: {}, webStorageEnabled: false}
Session ID: ca51c1e1-dd5d-4e0a-86ed-dfd0305008c1
*** Element info: {Using=xpath, value=//android.widget.TextView[@text='Master Classic 3 L Pressure Cooker, Aluminium']}
