2022-10-22 13:57:25,122 534  [main] INFO  com.trello.android.baseutil.BaseTest - Starting the Appium Server
2022-10-22 13:57:31,741 7153 [main] INFO  com.trello.android.baseutil.BaseTest - Appium Server started
2022-10-22 13:57:31,743 7155 [main] INFO  com.trello.android.baseutil.BaseTest - Appium Server URL: http://127.0.0.1:4723/wd/hub
2022-10-22 13:57:31,752 7164 [main] INFO  com.trello.android.baseutil.BaseTest - Folder creation for Extent
2022-10-22 13:57:31,763 7175 [main] INFO  com.trello.android.baseutil.BaseTest - ExtentDir:-C:\Users\Abhishek\eclipse-workspace\Mobile_Framework/reports/Automation Report- 10_22_2022_13_57_31
2022-10-22 13:57:32,086 7498 [main] INFO  com.trello.android.baseutil.BaseTest - Report Initiated
2022-10-22 13:57:32,087 7499 [main] INFO  com.trello.android.baseutil.BaseTest - Screenshot folder created
2022-10-22 13:59:33,527 128939 [main] INFO  com.trello.android.baseutil.BaseTest - Login Page is Displayed
2022-10-22 13:59:33,528 128940 [main] INFO  com.trello.android.baseutil.BaseTest - Wait for visibility of Login Button
2022-10-22 14:01:04,655 220067 [main] INFO  com.trello.android.baseutil.BaseTest - Validate Login Button is clickable
2022-10-22 14:02:35,642 311054 [main] INFO  com.trello.android.baseutil.BaseTest - Validate Login Button is displayed
2022-10-22 14:03:36,364 371776 [main] INFO  com.trello.android.baseutil.BaseTest - Login Button is displayed
2022-10-22 14:04:16,979 412391 [main] INFO  com.trello.android.baseutil.BaseTest - Clicked on Login Button
2022-10-22 14:04:27,403 422815 [main] ERROR com.trello.android.baseutil.BaseTest - An element could not be located on the page using the given search parameters.
For documentation on this error, please visit: https://www.seleniumhq.org/exceptions/no_such_element.html
Build info: version: '3.141.59', revision: 'e82be7d358', time: '2018-11-14T08:17:03'
System info: host: 'TYSS-ABHISHEK', ip: '192.168.1.100', os.name: 'Windows 10', os.arch: 'amd64', os.version: '10.0', java.version: '1.8.0_201'
Driver info: io.appium.java_client.android.AndroidDriver
Capabilities {appActivity: .feature.authentication.Ver..., appPackage: com.trello, autoGrantPermissions: true, automationName: uiautomator2, databaseEnabled: false, desired: {appActivity: .feature.authentication.Ver..., appPackage: com.trello, autoGrantPermissions: true, automationName: uiautomator2, deviceName: Redmi Note 7 Pro, fullReset: false, newCommandTimeout: 10000, platformName: android}, deviceApiLevel: 29, deviceManufacturer: Xiaomi, deviceModel: Redmi Note 7 Pro, deviceName: 6c9f6803, deviceScreenDensity: 440, deviceScreenSize: 1080x2340, deviceUDID: 6c9f6803, fullReset: false, javascriptEnabled: true, locationContextEnabled: false, networkConnectionEnabled: true, newCommandTimeout: 10000, pixelRatio: 2.75, platform: LINUX, platformName: Android, platformVersion: 10, statBarHeight: 80, takesScreenshot: true, viewportRect: {height: 2051, left: 0, top: 80, width: 1080}, warnings: {}, webStorageEnabled: false}
Session ID: eb23faa5-8f0c-4a96-a135-9eea1dd783c5
*** Element info: {Using=xpath, value=//android.widget.TextView[@text='abhishek.m04@testyantra.com']}
2022-10-22 14:04:30,284 425696 [main] INFO  com.trello.android.baseutil.BaseTest - Appium server stopped
